<?xml version="1.0" encoding="UTF-8"?>
<testsuite xmlns:xsi="http://www.w3.org/2001/XMLSchema-instance" xsi:noNamespaceSchemaLocation="https://maven.apache.org/surefire/maven-surefire-plugin/xsd/surefire-test-report.xsd" name="com.xuecheng.search.TestIndex" time="16.173" tests="4" errors="4" skipped="0" failures="0">
  <properties>
[...]
</properties>
  <testcase name="testDeleteIndex" classname="com.xuecheng.search.TestIndex" time="0.132">
    <error message="Failed to load ApplicationContext" type="java.lang.IllegalStateException">java.lang.IllegalStateException: Failed to load ApplicationContext
Caused by: java.lang.IllegalStateException: Failed to introspect Class [com.xuecheng.search.service.EsCourseService] from ClassLoader [sun.misc.Launcher$AppClassLoader@28d93b30]
Caused by: java.lang.NoClassDefFoundError: com/xuecheng/framework/model/response/ResultCode
Caused by: java.lang.ClassNotFoundException: com.xuecheng.framework.model.response.ResultCode
</error>
    <system-out><![CDATA[2019-08-17 19:08:03.015 [main] DEBUG o.s.b.c.l.ClasspathLoggingApplicationListener - Application started with classpath: [file:/C:/Users/Administrator/AppData/Local/Temp/surefire4896801120292268056/surefirebooter6468327262971682044.jar]
2019-08-17 19:08:03.337 [main] DEBUG o.s.boot.SpringApplication - Loading source class org.springframework.cloud.bootstrap.config.PropertySourceBootstrapConfiguration,class org.springframework.cloud.bootstrap.encrypt.EncryptionBootstrapConfiguration,class org.springframework.cloud.autoconfigure.ConfigurationPropertiesRebinderAutoConfiguration,class org.springframework.boot.autoconfigure.context.PropertyPlaceholderAutoConfiguration
2019-08-17 19:08:03.434 [main] INFO  o.s.c.a.AnnotationConfigApplicationContext - Refreshing org.springframework.context.annotation.AnnotationConfigApplicationContext@5ef5c734: startup date [Sat Aug 17 19:08:03 CST 2019]; root of context hierarchy
2019-08-17 19:08:04.093 [main] INFO  o.s.b.f.a.AutowiredAnnotationBeanPostProcessor - JSR-330 'javax.inject.Inject' annotation found and supported for autowiring
2019-08-17 19:08:04.232 [main] INFO  o.s.c.s.PostProcessorRegistrationDelegate$BeanPostProcessorChecker - Bean 'configurationPropertiesRebinderAutoConfiguration' of type [org.springframework.cloud.autoconfigure.ConfigurationPropertiesRebinderAutoConfiguration$$EnhancerBySpringCGLIB$$ef660d10] is not eligible for getting processed by all BeanPostProcessors (for example: not eligible for auto-proxying)
2019-08-17 19:08:04.591 [main] DEBUG o.s.b.a.l.ConditionEvaluationReportLoggingListener - 


============================
CONDITIONS EVALUATION REPORT
============================


Positive matches:
-----------------

   ConfigurationPropertiesRebinderAutoConfiguration matched:
      - @ConditionalOnBean (types: org.springframework.boot.context.properties.ConfigurationPropertiesBindingPostProcessor; SearchStrategy: all) found bean 'org.springframework.boot.context.properties.ConfigurationPropertiesBindingPostProcessor' (OnBeanCondition)

   ConfigurationPropertiesRebinderAutoConfiguration#configurationPropertiesBeans matched:
      - @ConditionalOnMissingBean (types: org.springframework.cloud.context.properties.ConfigurationPropertiesBeans; SearchStrategy: current) did not find any beans (OnBeanCondition)

   ConfigurationPropertiesRebinderAutoConfiguration#configurationPropertiesRebinder matched:
      - @ConditionalOnMissingBean (types: org.springframework.cloud.context.properties.ConfigurationPropertiesRebinder; SearchStrategy: current) did not find any beans (OnBeanCondition)

   EncryptionBootstrapConfiguration matched:
      - @ConditionalOnClass found required class 'org.springframework.security.crypto.encrypt.TextEncryptor'; @ConditionalOnMissingClass did not find unwanted class (OnClassCondition)

   PropertyPlaceholderAutoConfiguration#propertySourcesPlaceholderConfigurer matched:
      - @ConditionalOnMissingBean (types: org.springframework.context.support.PropertySourcesPlaceholderConfigurer; SearchStrategy: current) did not find any beans (OnBeanCondition)


Negative matches:
-----------------

   EncryptionBootstrapConfiguration.RsaEncryptionConfiguration:
      Did not match:
         - Keystore nor key found in Environment (EncryptionBootstrapConfiguration.KeyCondition)
      Matched:
         - @ConditionalOnClass found required class 'org.springframework.security.rsa.crypto.RsaSecretEncryptor'; @ConditionalOnMissingClass did not find unwanted class (OnClassCondition)

   EncryptionBootstrapConfiguration.VanillaEncryptionConfiguration:
      Did not match:
         - @ConditionalOnMissingClass found unwanted class 'org.springframework.security.rsa.crypto.RsaSecretEncryptor' (OnClassCondition)


Exclusions:
-----------

    None


Unconditional classes:
----------------------

    None



2019-08-17 19:08:05.538 [main] DEBUG o.s.b.c.l.ClasspathLoggingApplicationListener - Application started with classpath: [file:/C:/Users/Administrator/AppData/Local/Temp/surefire4896801120292268056/surefirebooter6468327262971682044.jar]

  .   ____          _            __ _ _
 /\\ / ___'_ __ _ _(_)_ __  __ _ \ \ \ \
( ( )\___ | '_ | '_| | '_ \/ _` | \ \ \ \
 \\/  ___)| |_)| | | | | || (_| |  ) ) ) )
  '  |____| .__|_| |_|_| |_\__, | / / / /
 =========|_|==============|___/=/_/_/_/
 :: Spring Boot ::        (v2.0.1.RELEASE)

2019-08-17 19:08:05.584 [main] INFO  com.xuecheng.search.TestIndex - No active profile set, falling back to default profiles: default
2019-08-17 19:08:05.585 [main] DEBUG o.s.boot.SpringApplication - Loading source class com.xuecheng.search.SearchApplication
2019-08-17 19:08:05.598 [main] DEBUG o.s.b.c.c.ConfigFileApplicationListener - Loaded config file 'file:/F:/teach/xcEdu/xcEduService01/xc-service-search/target/classes/application.yml' (classpath:/application.yml)
2019-08-17 19:08:05.599 [main] INFO  o.s.w.c.s.GenericWebApplicationContext - Refreshing org.springframework.web.context.support.GenericWebApplicationContext@3a1d593e: startup date [Sat Aug 17 19:08:05 CST 2019]; parent: org.springframework.context.annotation.AnnotationConfigApplicationContext@5ef5c734
2019-08-17 19:08:07.205 [main] DEBUG o.s.b.a.AutoConfigurationPackages - @EnableAutoConfiguration was declared on a class in the package 'com.xuecheng.search'. Automatic @Repository and @Entity scanning is enabled.
2019-08-17 19:08:07.926 [main] INFO  o.s.cloud.context.scope.GenericScope - BeanFactory id=706f65af-0f7d-36b1-8ea3-cca8dd491e29
]]></system-out>
    <system-err><![CDATA[八月 17, 2019 7:07:59 下午 org.springframework.boot.test.context.SpringBootTestContextBootstrapper buildDefaultMergedContextConfiguration
信息: Neither @ContextConfiguration nor @ContextHierarchy found for test class [com.xuecheng.search.TestIndex], using SpringBootContextLoader
八月 17, 2019 7:07:59 下午 org.springframework.test.context.support.AbstractContextLoader generateDefaultLocations
信息: Could not detect default resource locations for test class [com.xuecheng.search.TestIndex]: no resource found for suffixes {-context.xml, Context.groovy}.
八月 17, 2019 7:07:59 下午 org.springframework.test.context.support.AnnotationConfigContextLoaderUtils detectDefaultConfigurationClasses
信息: Could not detect default configuration classes for test class [com.xuecheng.search.TestIndex]: TestIndex does not declare any static, non-private, non-final, nested classes annotated with @Configuration.
八月 17, 2019 7:08:00 下午 org.springframework.boot.test.context.SpringBootTestContextBootstrapper getOrFindConfigurationClasses
信息: Found @SpringBootConfiguration com.xuecheng.search.SearchApplication for test class com.xuecheng.search.TestIndex
八月 17, 2019 7:08:00 下午 org.springframework.boot.test.context.SpringBootTestContextBootstrapper getDefaultTestExecutionListenerClassNames
信息: Loaded default TestExecutionListener class names from location [META-INF/spring.factories]: [org.springframework.boot.test.mock.mockito.MockitoTestExecutionListener, org.springframework.boot.test.mock.mockito.ResetMocksTestExecutionListener, org.springframework.boot.test.autoconfigure.restdocs.RestDocsTestExecutionListener, org.springframework.boot.test.autoconfigure.web.client.MockRestServiceServerResetTestExecutionListener, org.springframework.boot.test.autoconfigure.web.servlet.MockMvcPrintOnlyOnFailureTestExecutionListener, org.springframework.boot.test.autoconfigure.web.servlet.WebDriverTestExecutionListener, org.springframework.test.context.web.ServletTestExecutionListener, org.springframework.test.context.support.DirtiesContextBeforeModesTestExecutionListener, org.springframework.test.context.support.DependencyInjectionTestExecutionListener, org.springframework.test.context.support.DirtiesContextTestExecutionListener, org.springframework.test.context.transaction.TransactionalTestExecutionListener, org.springframework.test.context.jdbc.SqlScriptsTestExecutionListener]
八月 17, 2019 7:08:00 下午 org.springframework.boot.test.context.SpringBootTestContextBootstrapper getTestExecutionListeners
信息: Using TestExecutionListeners: [org.springframework.test.context.web.ServletTestExecutionListener@4da4253, org.springframework.test.context.support.DirtiesContextBeforeModesTestExecutionListener@3972a855, org.springframework.boot.test.mock.mockito.MockitoTestExecutionListener@62e7f11d, org.springframework.boot.test.autoconfigure.SpringBootDependencyInjectionTestExecutionListener@503d687a, org.springframework.test.context.support.DirtiesContextTestExecutionListener@6a370f4, org.springframework.test.context.transaction.TransactionalTestExecutionListener@2abf4075, org.springframework.test.context.jdbc.SqlScriptsTestExecutionListener@770d3326, org.springframework.boot.test.mock.mockito.ResetMocksTestExecutionListener@4cc8eb05, org.springframework.boot.test.autoconfigure.restdocs.RestDocsTestExecutionListener@51f116b8, org.springframework.boot.test.autoconfigure.web.client.MockRestServiceServerResetTestExecutionListener@19d481b, org.springframework.boot.test.autoconfigure.web.servlet.MockMvcPrintOnlyOnFailureTestExecutionListener@1f97cf0d, org.springframework.boot.test.autoconfigure.web.servlet.WebDriverTestExecutionListener@140c9f39]
]]></system-err>
  </testcase>
  <testcase name="testCreateIndex" classname="com.xuecheng.search.TestIndex" time="0.002">
    <error message="Failed to load ApplicationContext" type="java.lang.IllegalStateException">java.lang.IllegalStateException: Failed to load ApplicationContext
Caused by: java.lang.IllegalStateException: Failed to introspect Class [com.xuecheng.search.service.EsCourseService] from ClassLoader [sun.misc.Launcher$AppClassLoader@28d93b30]
Caused by: java.lang.NoClassDefFoundError: com/xuecheng/framework/model/response/ResultCode
Caused by: java.lang.ClassNotFoundException: com.xuecheng.framework.model.response.ResultCode
</error>
    <system-out><![CDATA[2019-08-17 19:08:08.598 [main] DEBUG o.s.b.c.l.ClasspathLoggingApplicationListener - Application started with classpath: [file:/C:/Users/Administrator/AppData/Local/Temp/surefire4896801120292268056/surefirebooter6468327262971682044.jar]
2019-08-17 19:08:08.604 [main] DEBUG o.s.boot.SpringApplication - Loading source class org.springframework.cloud.bootstrap.config.PropertySourceBootstrapConfiguration,class org.springframework.cloud.bootstrap.encrypt.EncryptionBootstrapConfiguration,class org.springframework.cloud.autoconfigure.ConfigurationPropertiesRebinderAutoConfiguration,class org.springframework.boot.autoconfigure.context.PropertyPlaceholderAutoConfiguration
2019-08-17 19:08:08.609 [main] INFO  o.s.c.a.AnnotationConfigApplicationContext - Refreshing org.springframework.context.annotation.AnnotationConfigApplicationContext@5434e40c: startup date [Sat Aug 17 19:08:08 CST 2019]; root of context hierarchy
2019-08-17 19:08:08.642 [main] INFO  o.s.b.f.a.AutowiredAnnotationBeanPostProcessor - JSR-330 'javax.inject.Inject' annotation found and supported for autowiring
2019-08-17 19:08:08.680 [main] INFO  o.s.c.s.PostProcessorRegistrationDelegate$BeanPostProcessorChecker - Bean 'configurationPropertiesRebinderAutoConfiguration' of type [org.springframework.cloud.autoconfigure.ConfigurationPropertiesRebinderAutoConfiguration$$EnhancerBySpringCGLIB$$ef660d10] is not eligible for getting processed by all BeanPostProcessors (for example: not eligible for auto-proxying)
2019-08-17 19:08:08.732 [main] DEBUG o.s.b.a.l.ConditionEvaluationReportLoggingListener - 


============================
CONDITIONS EVALUATION REPORT
============================


Positive matches:
-----------------

   ConfigurationPropertiesRebinderAutoConfiguration matched:
      - @ConditionalOnBean (types: org.springframework.boot.context.properties.ConfigurationPropertiesBindingPostProcessor; SearchStrategy: all) found bean 'org.springframework.boot.context.properties.ConfigurationPropertiesBindingPostProcessor' (OnBeanCondition)

   ConfigurationPropertiesRebinderAutoConfiguration#configurationPropertiesBeans matched:
      - @ConditionalOnMissingBean (types: org.springframework.cloud.context.properties.ConfigurationPropertiesBeans; SearchStrategy: current) did not find any beans (OnBeanCondition)

   ConfigurationPropertiesRebinderAutoConfiguration#configurationPropertiesRebinder matched:
      - @ConditionalOnMissingBean (types: org.springframework.cloud.context.properties.ConfigurationPropertiesRebinder; SearchStrategy: current) did not find any beans (OnBeanCondition)

   EncryptionBootstrapConfiguration matched:
      - @ConditionalOnClass found required class 'org.springframework.security.crypto.encrypt.TextEncryptor'; @ConditionalOnMissingClass did not find unwanted class (OnClassCondition)

   PropertyPlaceholderAutoConfiguration#propertySourcesPlaceholderConfigurer matched:
      - @ConditionalOnMissingBean (types: org.springframework.context.support.PropertySourcesPlaceholderConfigurer; SearchStrategy: current) did not find any beans (OnBeanCondition)


Negative matches:
-----------------

   EncryptionBootstrapConfiguration.RsaEncryptionConfiguration:
      Did not match:
         - Keystore nor key found in Environment (EncryptionBootstrapConfiguration.KeyCondition)
      Matched:
         - @ConditionalOnClass found required class 'org.springframework.security.rsa.crypto.RsaSecretEncryptor'; @ConditionalOnMissingClass did not find unwanted class (OnClassCondition)

   EncryptionBootstrapConfiguration.VanillaEncryptionConfiguration:
      Did not match:
         - @ConditionalOnMissingClass found unwanted class 'org.springframework.security.rsa.crypto.RsaSecretEncryptor' (OnClassCondition)


Exclusions:
-----------

    None


Unconditional classes:
----------------------

    None



2019-08-17 19:08:09.214 [main] DEBUG o.s.b.c.l.ClasspathLoggingApplicationListener - Application started with classpath: [file:/C:/Users/Administrator/AppData/Local/Temp/surefire4896801120292268056/surefirebooter6468327262971682044.jar]

  .   ____          _            __ _ _
 /\\ / ___'_ __ _ _(_)_ __  __ _ \ \ \ \
( ( )\___ | '_ | '_| | '_ \/ _` | \ \ \ \
 \\/  ___)| |_)| | | | | || (_| |  ) ) ) )
  '  |____| .__|_| |_|_| |_\__, | / / / /
 =========|_|==============|___/=/_/_/_/
 :: Spring Boot ::        (v2.0.1.RELEASE)

2019-08-17 19:08:09.226 [main] INFO  com.xuecheng.search.TestIndex - No active profile set, falling back to default profiles: default
2019-08-17 19:08:09.227 [main] DEBUG o.s.boot.SpringApplication - Loading source class com.xuecheng.search.SearchApplication
2019-08-17 19:08:09.235 [main] DEBUG o.s.b.c.c.ConfigFileApplicationListener - Loaded config file 'file:/F:/teach/xcEdu/xcEduService01/xc-service-search/target/classes/application.yml' (classpath:/application.yml)
2019-08-17 19:08:09.236 [main] INFO  o.s.w.c.s.GenericWebApplicationContext - Refreshing org.springframework.web.context.support.GenericWebApplicationContext@79b2852b: startup date [Sat Aug 17 19:08:09 CST 2019]; parent: org.springframework.context.annotation.AnnotationConfigApplicationContext@5434e40c
2019-08-17 19:08:10.231 [main] DEBUG o.s.b.a.AutoConfigurationPackages - @EnableAutoConfiguration was declared on a class in the package 'com.xuecheng.search'. Automatic @Repository and @Entity scanning is enabled.
2019-08-17 19:08:10.405 [main] INFO  o.s.cloud.context.scope.GenericScope - BeanFactory id=706f65af-0f7d-36b1-8ea3-cca8dd491e29
]]></system-out>
  </testcase>
  <testcase name="testAddDoc" classname="com.xuecheng.search.TestIndex" time="0.001">
    <error message="Failed to load ApplicationContext" type="java.lang.IllegalStateException">java.lang.IllegalStateException: Failed to load ApplicationContext
Caused by: java.lang.IllegalStateException: Failed to introspect Class [com.xuecheng.search.service.EsCourseService] from ClassLoader [sun.misc.Launcher$AppClassLoader@28d93b30]
Caused by: java.lang.NoClassDefFoundError: com/xuecheng/framework/model/response/ResultCode
Caused by: java.lang.ClassNotFoundException: com.xuecheng.framework.model.response.ResultCode
</error>
    <system-out><![CDATA[2019-08-17 19:08:11.371 [main] DEBUG o.s.b.c.l.ClasspathLoggingApplicationListener - Application started with classpath: [file:/C:/Users/Administrator/AppData/Local/Temp/surefire4896801120292268056/surefirebooter6468327262971682044.jar]
2019-08-17 19:08:11.382 [main] DEBUG o.s.boot.SpringApplication - Loading source class org.springframework.cloud.bootstrap.config.PropertySourceBootstrapConfiguration,class org.springframework.cloud.bootstrap.encrypt.EncryptionBootstrapConfiguration,class org.springframework.cloud.autoconfigure.ConfigurationPropertiesRebinderAutoConfiguration,class org.springframework.boot.autoconfigure.context.PropertyPlaceholderAutoConfiguration
2019-08-17 19:08:11.399 [main] INFO  o.s.c.a.AnnotationConfigApplicationContext - Refreshing org.springframework.context.annotation.AnnotationConfigApplicationContext@1cb9ef52: startup date [Sat Aug 17 19:08:11 CST 2019]; root of context hierarchy
2019-08-17 19:08:11.451 [main] INFO  o.s.b.f.a.AutowiredAnnotationBeanPostProcessor - JSR-330 'javax.inject.Inject' annotation found and supported for autowiring
2019-08-17 19:08:11.503 [main] INFO  o.s.c.s.PostProcessorRegistrationDelegate$BeanPostProcessorChecker - Bean 'configurationPropertiesRebinderAutoConfiguration' of type [org.springframework.cloud.autoconfigure.ConfigurationPropertiesRebinderAutoConfiguration$$EnhancerBySpringCGLIB$$ef660d10] is not eligible for getting processed by all BeanPostProcessors (for example: not eligible for auto-proxying)
2019-08-17 19:08:11.584 [main] DEBUG o.s.b.a.l.ConditionEvaluationReportLoggingListener - 


============================
CONDITIONS EVALUATION REPORT
============================


Positive matches:
-----------------

   ConfigurationPropertiesRebinderAutoConfiguration matched:
      - @ConditionalOnBean (types: org.springframework.boot.context.properties.ConfigurationPropertiesBindingPostProcessor; SearchStrategy: all) found bean 'org.springframework.boot.context.properties.ConfigurationPropertiesBindingPostProcessor' (OnBeanCondition)

   ConfigurationPropertiesRebinderAutoConfiguration#configurationPropertiesBeans matched:
      - @ConditionalOnMissingBean (types: org.springframework.cloud.context.properties.ConfigurationPropertiesBeans; SearchStrategy: current) did not find any beans (OnBeanCondition)

   ConfigurationPropertiesRebinderAutoConfiguration#configurationPropertiesRebinder matched:
      - @ConditionalOnMissingBean (types: org.springframework.cloud.context.properties.ConfigurationPropertiesRebinder; SearchStrategy: current) did not find any beans (OnBeanCondition)

   EncryptionBootstrapConfiguration matched:
      - @ConditionalOnClass found required class 'org.springframework.security.crypto.encrypt.TextEncryptor'; @ConditionalOnMissingClass did not find unwanted class (OnClassCondition)

   PropertyPlaceholderAutoConfiguration#propertySourcesPlaceholderConfigurer matched:
      - @ConditionalOnMissingBean (types: org.springframework.context.support.PropertySourcesPlaceholderConfigurer; SearchStrategy: current) did not find any beans (OnBeanCondition)


Negative matches:
-----------------

   EncryptionBootstrapConfiguration.RsaEncryptionConfiguration:
      Did not match:
         - Keystore nor key found in Environment (EncryptionBootstrapConfiguration.KeyCondition)
      Matched:
         - @ConditionalOnClass found required class 'org.springframework.security.rsa.crypto.RsaSecretEncryptor'; @ConditionalOnMissingClass did not find unwanted class (OnClassCondition)

   EncryptionBootstrapConfiguration.VanillaEncryptionConfiguration:
      Did not match:
         - @ConditionalOnMissingClass found unwanted class 'org.springframework.security.rsa.crypto.RsaSecretEncryptor' (OnClassCondition)


Exclusions:
-----------

    None


Unconditional classes:
----------------------

    None



2019-08-17 19:08:12.222 [main] DEBUG o.s.b.c.l.ClasspathLoggingApplicationListener - Application started with classpath: [file:/C:/Users/Administrator/AppData/Local/Temp/surefire4896801120292268056/surefirebooter6468327262971682044.jar]

  .   ____          _            __ _ _
 /\\ / ___'_ __ _ _(_)_ __  __ _ \ \ \ \
( ( )\___ | '_ | '_| | '_ \/ _` | \ \ \ \
 \\/  ___)| |_)| | | | | || (_| |  ) ) ) )
  '  |____| .__|_| |_|_| |_\__, | / / / /
 =========|_|==============|___/=/_/_/_/
 :: Spring Boot ::        (v2.0.1.RELEASE)

2019-08-17 19:08:12.231 [main] INFO  com.xuecheng.search.TestIndex - No active profile set, falling back to default profiles: default
2019-08-17 19:08:12.232 [main] DEBUG o.s.boot.SpringApplication - Loading source class com.xuecheng.search.SearchApplication
2019-08-17 19:08:12.237 [main] DEBUG o.s.b.c.c.ConfigFileApplicationListener - Loaded config file 'file:/F:/teach/xcEdu/xcEduService01/xc-service-search/target/classes/application.yml' (classpath:/application.yml)
2019-08-17 19:08:12.237 [main] INFO  o.s.w.c.s.GenericWebApplicationContext - Refreshing org.springframework.web.context.support.GenericWebApplicationContext@6c33da7a: startup date [Sat Aug 17 19:08:12 CST 2019]; parent: org.springframework.context.annotation.AnnotationConfigApplicationContext@1cb9ef52
2019-08-17 19:08:13.063 [main] DEBUG o.s.b.a.AutoConfigurationPackages - @EnableAutoConfiguration was declared on a class in the package 'com.xuecheng.search'. Automatic @Repository and @Entity scanning is enabled.
2019-08-17 19:08:13.212 [main] INFO  o.s.cloud.context.scope.GenericScope - BeanFactory id=706f65af-0f7d-36b1-8ea3-cca8dd491e29
]]></system-out>
  </testcase>
  <testcase name="testGetDoc" classname="com.xuecheng.search.TestIndex" time="0.001">
    <error message="Failed to load ApplicationContext" type="java.lang.IllegalStateException">java.lang.IllegalStateException: Failed to load ApplicationContext
Caused by: java.lang.IllegalStateException: Failed to introspect Class [com.xuecheng.search.service.EsCourseService] from ClassLoader [sun.misc.Launcher$AppClassLoader@28d93b30]
Caused by: java.lang.NoClassDefFoundError: com/xuecheng/framework/model/response/ResultCode
Caused by: java.lang.ClassNotFoundException: com.xuecheng.framework.model.response.ResultCode
</error>
    <system-out><![CDATA[2019-08-17 19:08:13.903 [main] DEBUG o.s.b.c.l.ClasspathLoggingApplicationListener - Application started with classpath: [file:/C:/Users/Administrator/AppData/Local/Temp/surefire4896801120292268056/surefirebooter6468327262971682044.jar]
2019-08-17 19:08:13.907 [main] DEBUG o.s.boot.SpringApplication - Loading source class org.springframework.cloud.bootstrap.config.PropertySourceBootstrapConfiguration,class org.springframework.cloud.bootstrap.encrypt.EncryptionBootstrapConfiguration,class org.springframework.cloud.autoconfigure.ConfigurationPropertiesRebinderAutoConfiguration,class org.springframework.boot.autoconfigure.context.PropertyPlaceholderAutoConfiguration
2019-08-17 19:08:13.913 [main] INFO  o.s.c.a.AnnotationConfigApplicationContext - Refreshing org.springframework.context.annotation.AnnotationConfigApplicationContext@3c17bd0b: startup date [Sat Aug 17 19:08:13 CST 2019]; root of context hierarchy
2019-08-17 19:08:13.938 [main] INFO  o.s.b.f.a.AutowiredAnnotationBeanPostProcessor - JSR-330 'javax.inject.Inject' annotation found and supported for autowiring
2019-08-17 19:08:13.967 [main] INFO  o.s.c.s.PostProcessorRegistrationDelegate$BeanPostProcessorChecker - Bean 'configurationPropertiesRebinderAutoConfiguration' of type [org.springframework.cloud.autoconfigure.ConfigurationPropertiesRebinderAutoConfiguration$$EnhancerBySpringCGLIB$$ef660d10] is not eligible for getting processed by all BeanPostProcessors (for example: not eligible for auto-proxying)
2019-08-17 19:08:14.011 [main] DEBUG o.s.b.a.l.ConditionEvaluationReportLoggingListener - 


============================
CONDITIONS EVALUATION REPORT
============================


Positive matches:
-----------------

   ConfigurationPropertiesRebinderAutoConfiguration matched:
      - @ConditionalOnBean (types: org.springframework.boot.context.properties.ConfigurationPropertiesBindingPostProcessor; SearchStrategy: all) found bean 'org.springframework.boot.context.properties.ConfigurationPropertiesBindingPostProcessor' (OnBeanCondition)

   ConfigurationPropertiesRebinderAutoConfiguration#configurationPropertiesBeans matched:
      - @ConditionalOnMissingBean (types: org.springframework.cloud.context.properties.ConfigurationPropertiesBeans; SearchStrategy: current) did not find any beans (OnBeanCondition)

   ConfigurationPropertiesRebinderAutoConfiguration#configurationPropertiesRebinder matched:
      - @ConditionalOnMissingBean (types: org.springframework.cloud.context.properties.ConfigurationPropertiesRebinder; SearchStrategy: current) did not find any beans (OnBeanCondition)

   EncryptionBootstrapConfiguration matched:
      - @ConditionalOnClass found required class 'org.springframework.security.crypto.encrypt.TextEncryptor'; @ConditionalOnMissingClass did not find unwanted class (OnClassCondition)

   PropertyPlaceholderAutoConfiguration#propertySourcesPlaceholderConfigurer matched:
      - @ConditionalOnMissingBean (types: org.springframework.context.support.PropertySourcesPlaceholderConfigurer; SearchStrategy: current) did not find any beans (OnBeanCondition)


Negative matches:
-----------------

   EncryptionBootstrapConfiguration.RsaEncryptionConfiguration:
      Did not match:
         - Keystore nor key found in Environment (EncryptionBootstrapConfiguration.KeyCondition)
      Matched:
         - @ConditionalOnClass found required class 'org.springframework.security.rsa.crypto.RsaSecretEncryptor'; @ConditionalOnMissingClass did not find unwanted class (OnClassCondition)

   EncryptionBootstrapConfiguration.VanillaEncryptionConfiguration:
      Did not match:
         - @ConditionalOnMissingClass found unwanted class 'org.springframework.security.rsa.crypto.RsaSecretEncryptor' (OnClassCondition)


Exclusions:
-----------

    None


Unconditional classes:
----------------------

    None



2019-08-17 19:08:14.451 [main] DEBUG o.s.b.c.l.ClasspathLoggingApplicationListener - Application started with classpath: [file:/C:/Users/Administrator/AppData/Local/Temp/surefire4896801120292268056/surefirebooter6468327262971682044.jar]

  .   ____          _            __ _ _
 /\\ / ___'_ __ _ _(_)_ __  __ _ \ \ \ \
( ( )\___ | '_ | '_| | '_ \/ _` | \ \ \ \
 \\/  ___)| |_)| | | | | || (_| |  ) ) ) )
  '  |____| .__|_| |_|_| |_\__, | / / / /
 =========|_|==============|___/=/_/_/_/
 :: Spring Boot ::        (v2.0.1.RELEASE)

2019-08-17 19:08:14.458 [main] INFO  com.xuecheng.search.TestIndex - No active profile set, falling back to default profiles: default
2019-08-17 19:08:14.459 [main] DEBUG o.s.boot.SpringApplication - Loading source class com.xuecheng.search.SearchApplication
2019-08-17 19:08:14.463 [main] DEBUG o.s.b.c.c.ConfigFileApplicationListener - Loaded config file 'file:/F:/teach/xcEdu/xcEduService01/xc-service-search/target/classes/application.yml' (classpath:/application.yml)
2019-08-17 19:08:14.463 [main] INFO  o.s.w.c.s.GenericWebApplicationContext - Refreshing org.springframework.web.context.support.GenericWebApplicationContext@22fb9a2c: startup date [Sat Aug 17 19:08:14 CST 2019]; parent: org.springframework.context.annotation.AnnotationConfigApplicationContext@3c17bd0b
2019-08-17 19:08:15.278 [main] DEBUG o.s.b.a.AutoConfigurationPackages - @EnableAutoConfiguration was declared on a class in the package 'com.xuecheng.search'. Automatic @Repository and @Entity scanning is enabled.
2019-08-17 19:08:15.382 [main] INFO  o.s.cloud.context.scope.GenericScope - BeanFactory id=706f65af-0f7d-36b1-8ea3-cca8dd491e29
]]></system-out>
  </testcase>
</testsuite>