<?xml version="1.0" encoding="UTF-8"?>
<testsuite xmlns:xsi="http://www.w3.org/2001/XMLSchema-instance" xsi:noNamespaceSchemaLocation="https://maven.apache.org/surefire/maven-surefire-plugin/xsd/surefire-test-report.xsd" name="com.xuecheng.manage_course.dao.TestDao" time="11.72" tests="4" errors="4" skipped="0" failures="0">
  <properties>
[...]
</properties>
  <testcase name="testCourseMapper" classname="com.xuecheng.manage_course.dao.TestDao" time="0.002">
    <error message="Failed to load ApplicationContext" type="java.lang.IllegalStateException">java.lang.IllegalStateException: Failed to load ApplicationContext
Caused by: org.springframework.beans.factory.BeanDefinitionStoreException: Failed to parse configuration class [com.xuecheng.manage_course.ManageCourseApplication]; nested exception is java.io.FileNotFoundException: class path resource [com/xuecheng/framework/web/BaseController.class] cannot be opened because it does not exist
Caused by: java.io.FileNotFoundException: class path resource [com/xuecheng/framework/web/BaseController.class] cannot be opened because it does not exist
</error>
    <system-out><![CDATA[19:01:26.527 [main] DEBUG org.springframework.test.context.junit4.SpringJUnit4ClassRunner - SpringJUnit4ClassRunner constructor called with [class com.xuecheng.manage_course.dao.TestDao]
19:01:26.539 [main] DEBUG org.springframework.test.context.BootstrapUtils - Instantiating CacheAwareContextLoaderDelegate from class [org.springframework.test.context.cache.DefaultCacheAwareContextLoaderDelegate]
19:01:26.554 [main] DEBUG org.springframework.test.context.BootstrapUtils - Instantiating BootstrapContext using constructor [public org.springframework.test.context.support.DefaultBootstrapContext(java.lang.Class,org.springframework.test.context.CacheAwareContextLoaderDelegate)]
19:01:26.584 [main] DEBUG org.springframework.test.context.BootstrapUtils - Instantiating TestContextBootstrapper for test class [com.xuecheng.manage_course.dao.TestDao] from class [org.springframework.boot.test.context.SpringBootTestContextBootstrapper]
19:01:26.609 [main] INFO org.springframework.boot.test.context.SpringBootTestContextBootstrapper - Neither @ContextConfiguration nor @ContextHierarchy found for test class [com.xuecheng.manage_course.dao.TestDao], using SpringBootContextLoader
19:01:26.615 [main] DEBUG org.springframework.test.context.support.AbstractContextLoader - Did not detect default resource location for test class [com.xuecheng.manage_course.dao.TestDao]: class path resource [com/xuecheng/manage_course/dao/TestDao-context.xml] does not exist
19:01:26.616 [main] DEBUG org.springframework.test.context.support.AbstractContextLoader - Did not detect default resource location for test class [com.xuecheng.manage_course.dao.TestDao]: class path resource [com/xuecheng/manage_course/dao/TestDaoContext.groovy] does not exist
19:01:26.617 [main] INFO org.springframework.test.context.support.AbstractContextLoader - Could not detect default resource locations for test class [com.xuecheng.manage_course.dao.TestDao]: no resource found for suffixes {-context.xml, Context.groovy}.
19:01:26.618 [main] INFO org.springframework.test.context.support.AnnotationConfigContextLoaderUtils - Could not detect default configuration classes for test class [com.xuecheng.manage_course.dao.TestDao]: TestDao does not declare any static, non-private, non-final, nested classes annotated with @Configuration.
19:01:26.726 [main] DEBUG org.springframework.test.context.support.ActiveProfilesUtils - Could not find an 'annotation declaring class' for annotation type [org.springframework.test.context.ActiveProfiles] and class [com.xuecheng.manage_course.dao.TestDao]
19:01:26.740 [main] DEBUG org.springframework.core.env.StandardEnvironment - Adding PropertySource 'systemProperties' with lowest search precedence
19:01:26.741 [main] DEBUG org.springframework.core.env.StandardEnvironment - Adding PropertySource 'systemEnvironment' with lowest search precedence
19:01:26.741 [main] DEBUG org.springframework.core.env.StandardEnvironment - Initialized StandardEnvironment with PropertySources [MapPropertySource@102617125 {name='systemProperties', properties={java.runtime.name=Java(TM) SE Runtime Environment, sun.boot.library.path=F:\develop\Java\jdk1.8.0_131\jre\bin, java.vm.version=25.131-b11, java.vm.vendor=Oracle Corporation, java.vendor.url=http://java.oracle.com/, path.separator=;, java.vm.name=Java HotSpot(TM) 64-Bit Server VM, file.encoding.pkg=sun.io, user.country=CN, user.script=, sun.java.launcher=SUN_STANDARD, sun.os.patch.level=Service Pack 1, java.vm.specification.name=Java Virtual Machine Specification, user.dir=F:\teach\xcEdu\xcEduService01\xc-service-manage-course, java.runtime.version=1.8.0_131-b11, basedir=F:\teach\xcEdu\xcEduService01\xc-service-manage-course, java.awt.graphicsenv=sun.awt.Win32GraphicsEnvironment, java.endorsed.dirs=F:\develop\Java\jdk1.8.0_131\jre\lib\endorsed, os.arch=amd64, surefire.real.class.path=C:\Users\Administrator\AppData\Local\Temp\surefire6498370663219308547\surefirebooter6461815083094818335.jar, java.io.tmpdir=C:\Users\Administrator\AppData\Local\Temp\, line.separator=
, java.vm.specification.vendor=Oracle Corporation, user.variant=, os.name=Windows 7, sun.jnu.encoding=GBK, java.library.path=F:\develop\Java\jdk1.8.0_131\jre\bin;C:\windows\Sun\Java\bin;C:\windows\system32;C:\windows;F:\Oracle\product\11.2.0\dbhome_1\bin;C:\ProgramData\Oracle\Java\javapath;F:\develop\Java\jdk1.8.0_91;F:\develop\Java\jdk1.8.0_131\bin;F:\develop\Java\jdk1.8.0_131\jre\bin;F:\Mysql\bin;C:\windows\system32;F:\develop\Java\jdk1.8.0_131\bin;F:\develop\Java\jdk1.8.0_131\jre\bin;F:\SQL Server\110\DTS\Binn\;F:\SQL Server2\110\Tools\Binn\;F:\SQL Server\110\Tools\Binn\;F:\SQL Server2\110\Tools\Binn\ManagementStudio\;C:\Program Files (x86)\Microsoft Visual Studio 10.0\Common7\IDE\PrivateAssemblies\;F:\SQL Server2\110\DTS\Binn\;C:\Program Files (x86)\NVIDIA Corporation\PhysX\Common;C:\Program Files (x86)\MySQL\MySQL Utilities 1.6;F:\apache-maven-3.6.1\bin;G:\JAVA学习\SpringBoot学习\gradle-4.10.1\bin;F:\Redis\;F:\Git\cmd;C:\Program Files\erl10.0.1\bin;F:\RabbitMQ Server\rabbitmq_server-3.7.16\sbin;F:\nodejs\npm_modules;F:\nodejs\;F:\ffmpeg-20180227-fa0c9d6-win64-static\bin;C:\Users\Administrator\AppData\Roaming\npm;., surefire.test.class.path=F:\teach\xcEdu\xcEduService01\xc-service-manage-course\target\test-classes;F:\teach\xcEdu\xcEduService01\xc-service-manage-course\target\classes;F:\repository\org\springframework\cloud\spring-cloud-starter-security\2.0.0.RELEASE\spring-cloud-starter-security-2.0.0.RELEASE.jar;F:\repository\org\springframework\cloud\spring-cloud-starter\2.0.1.RELEASE\spring-cloud-starter-2.0.1.RELEASE.jar;F:\repository\org\springframework\cloud\spring-cloud-context\2.0.1.RELEASE\spring-cloud-context-2.0.1.RELEASE.jar;F:\repository\org\springframework\security\spring-security-rsa\1.0.5.RELEASE\spring-security-rsa-1.0.5.RELEASE.jar;F:\repository\org\springframework\boot\spring-boot-starter-actuator\2.0.1.RELEASE\spring-boot-starter-actuator-2.0.1.RELEASE.jar;F:\repository\org\springframework\boot\spring-boot-actuator-autoconfigure\2.0.1.RELEASE\spring-boot-actuator-autoconfigure-2.0.1.RELEASE.jar;F:\repository\org\springframework\boot\spring-boot-actuator\2.0.1.RELEASE\spring-boot-actuator-2.0.1.RELEASE.jar;F:\repository\io\micrometer\micrometer-core\1.0.3\micrometer-core-1.0.3.jar;F:\repository\org\hdrhistogram\HdrHistogram\2.1.10\HdrHistogram-2.1.10.jar;F:\repository\org\latencyutils\LatencyUtils\2.0.3\LatencyUtils-2.0.3.jar;F:\repository\org\springframework\cloud\spring-cloud-security\2.0.0.RELEASE\spring-cloud-security-2.0.0.RELEASE.jar;F:\repository\org\springframework\boot\spring-boot-starter-security\2.0.1.RELEASE\spring-boot-starter-security-2.0.1.RELEASE.jar;F:\repository\org\springframework\security\spring-security-config\5.0.4.RELEASE\spring-security-config-5.0.4.RELEASE.jar;F:\repository\org\springframework\security\spring-security-web\5.0.4.RELEASE\spring-security-web-5.0.4.RELEASE.jar;F:\repository\org\springframework\cloud\spring-cloud-starter-oauth2\2.0.0.RELEASE\spring-cloud-starter-oauth2-2.0.0.RELEASE.jar;F:\repository\org\springframework\security\oauth\boot\spring-security-oauth2-autoconfigure\2.0.0.RELEASE\spring-security-oauth2-autoconfigure-2.0.0.RELEASE.jar;F:\repository\com\fasterxml\jackson\core\jackson-annotations\2.9.0\jackson-annotations-2.9.0.jar;F:\repository\com\fasterxml\jackson\core\jackson-databind\2.9.5\jackson-databind-2.9.5.jar;F:\repository\org\springframework\boot\spring-boot\2.0.1.RELEASE\spring-boot-2.0.1.RELEASE.jar;F:\repository\org\springframework\security\oauth\spring-security-oauth2\2.2.1.RELEASE\spring-security-oauth2-2.2.1.RELEASE.jar;F:\repository\org\springframework\security\spring-security-core\5.0.4.RELEASE\spring-security-core-5.0.4.RELEASE.jar;F:\repository\org\codehaus\jackson\jackson-mapper-asl\1.9.13\jackson-mapper-asl-1.9.13.jar;F:\repository\org\codehaus\jackson\jackson-core-asl\1.9.13\jackson-core-asl-1.9.13.jar;F:\repository\org\springframework\cloud\spring-cloud-starter-netflix-eureka-client\2.0.1.RELEASE\spring-cloud-starter-netflix-eureka-client-2.0.1.RELEASE.jar;F:\repository\org\springframework\cloud\spring-cloud-netflix-core\2.0.1.RELEASE\spring-cloud-netflix-core-2.0.1.RELEASE.jar;F:\repository\org\springframework\cloud\spring-cloud-netflix-eureka-client\2.0.1.RELEASE\spring-cloud-netflix-eureka-client-2.0.1.RELEASE.jar;F:\repository\com\netflix\eureka\eureka-client\1.9.3\eureka-client-1.9.3.jar;F:\repository\org\codehaus\jettison\jettison\1.3.7\jettison-1.3.7.jar;F:\repository\stax\stax-api\1.0.1\stax-api-1.0.1.jar;F:\repository\com\netflix\netflix-commons\netflix-eventbus\0.3.0\netflix-eventbus-0.3.0.jar;F:\repository\com\netflix\netflix-commons\netflix-infix\0.3.0\netflix-infix-0.3.0.jar;F:\repository\commons-jxpath\commons-jxpath\1.3\commons-jxpath-1.3.jar;F:\repository\joda-time\joda-time\2.9.9\joda-time-2.9.9.jar;F:\repository\org\antlr\antlr-runtime\3.4\antlr-runtime-3.4.jar;F:\repository\org\antlr\stringtemplate\3.2.1\stringtemplate-3.2.1.jar;F:\repository\com\google\code\gson\gson\2.8.2\gson-2.8.2.jar;F:\repository\org\apache\commons\commons-math\2.2\commons-math-2.2.jar;F:\repository\com\netflix\archaius\archaius-core\0.7.6\archaius-core-0.7.6.jar;F:\repository\javax\ws\rs\jsr311-api\1.1.1\jsr311-api-1.1.1.jar;F:\repository\com\netflix\servo\servo-core\0.12.21\servo-core-0.12.21.jar;F:\repository\com\sun\jersey\jersey-core\1.19.1\jersey-core-1.19.1.jar;F:\repository\com\sun\jersey\jersey-client\1.19.1\jersey-client-1.19.1.jar;F:\repository\com\sun\jersey\contribs\jersey-apache-client4\1.19.1\jersey-apache-client4-1.19.1.jar;F:\repository\com\google\inject\guice\4.1.0\guice-4.1.0.jar;F:\repository\javax\inject\javax.inject\1\javax.inject-1.jar;F:\repository\aopalliance\aopalliance\1.0\aopalliance-1.0.jar;F:\repository\com\github\vlsi\compactmap\compactmap\1.2.1\compactmap-1.2.1.jar;F:\repository\com\github\andrewoma\dexx\dexx-collections\0.2\dexx-collections-0.2.jar;F:\repository\com\fasterxml\jackson\core\jackson-core\2.9.5\jackson-core-2.9.5.jar;F:\repository\com\netflix\eureka\eureka-core\1.9.3\eureka-core-1.9.3.jar;F:\repository\org\codehaus\woodstox\woodstox-core-asl\4.4.1\woodstox-core-asl-4.4.1.jar;F:\repository\javax\xml\stream\stax-api\1.0-2\stax-api-1.0-2.jar;F:\repository\org\codehaus\woodstox\stax2-api\3.1.4\stax2-api-3.1.4.jar;F:\repository\org\springframework\cloud\spring-cloud-starter-netflix-archaius\2.0.1.RELEASE\spring-cloud-starter-netflix-archaius-2.0.1.RELEASE.jar;F:\repository\org\springframework\cloud\spring-cloud-netflix-ribbon\2.0.1.RELEASE\spring-cloud-netflix-ribbon-2.0.1.RELEASE.jar;F:\repository\org\springframework\cloud\spring-cloud-netflix-archaius\2.0.1.RELEASE\spring-cloud-netflix-archaius-2.0.1.RELEASE.jar;F:\repository\commons-configuration\commons-configuration\1.8\commons-configuration-1.8.jar;F:\repository\commons-lang\commons-lang\2.6\commons-lang-2.6.jar;F:\repository\org\springframework\cloud\spring-cloud-starter-netflix-ribbon\2.0.1.RELEASE\spring-cloud-starter-netflix-ribbon-2.0.1.RELEASE.jar;F:\repository\com\netflix\ribbon\ribbon\2.2.5\ribbon-2.2.5.jar;F:\repository\com\netflix\ribbon\ribbon-transport\2.2.5\ribbon-transport-2.2.5.jar;F:\repository\io\reactivex\rxnetty-contexts\0.4.9\rxnetty-contexts-0.4.9.jar;F:\repository\io\reactivex\rxnetty-servo\0.4.9\rxnetty-servo-0.4.9.jar;F:\repository\io\reactivex\rxnetty\0.4.9\rxnetty-0.4.9.jar;F:\repository\io\netty\netty-codec-http\4.1.23.Final\netty-codec-http-4.1.23.Final.jar;F:\repository\io\netty\netty-codec\4.1.23.Final\netty-codec-4.1.23.Final.jar;F:\repository\io\netty\netty-transport-native-epoll\4.1.23.Final\netty-transport-native-epoll-4.1.23.Final.jar;F:\repository\io\netty\netty-common\4.1.23.Final\netty-common-4.1.23.Final.jar;F:\repository\io\netty\netty-buffer\4.1.23.Final\netty-buffer-4.1.23.Final.jar;F:\repository\io\netty\netty-transport-native-unix-common\4.1.23.Final\netty-transport-native-unix-common-4.1.23.Final.jar;F:\repository\io\netty\netty-transport\4.1.23.Final\netty-transport-4.1.23.Final.jar;F:\repository\io\netty\netty-resolver\4.1.23.Final\netty-resolver-4.1.23.Final.jar;F:\repository\com\netflix\ribbon\ribbon-core\2.2.5\ribbon-core-2.2.5.jar;F:\repository\com\netflix\ribbon\ribbon-httpclient\2.2.5\ribbon-httpclient-2.2.5.jar;F:\repository\commons-collections\commons-collections\3.2.2\commons-collections-3.2.2.jar;F:\repository\com\netflix\netflix-commons\netflix-commons-util\0.3.0\netflix-commons-util-0.3.0.jar;F:\repository\com\netflix\ribbon\ribbon-loadbalancer\2.2.5\ribbon-loadbalancer-2.2.5.jar;F:\repository\com\netflix\netflix-commons\netflix-statistics\0.1.1\netflix-statistics-0.1.1.jar;F:\repository\io\reactivex\rxjava\1.3.8\rxjava-1.3.8.jar;F:\repository\com\netflix\ribbon\ribbon-eureka\2.2.5\ribbon-eureka-2.2.5.jar;F:\repository\com\thoughtworks\xstream\xstream\1.4.10\xstream-1.4.10.jar;F:\repository\xmlpull\xmlpull\1.1.3.1\xmlpull-1.1.3.1.jar;F:\repository\xpp3\xpp3_min\1.1.4c\xpp3_min-1.1.4c.jar;F:\repository\org\springframework\cloud\spring-cloud-starter-openfeign\2.0.1.RELEASE\spring-cloud-starter-openfeign-2.0.1.RELEASE.jar;F:\repository\org\springframework\cloud\spring-cloud-openfeign-core\2.0.1.RELEASE\spring-cloud-openfeign-core-2.0.1.RELEASE.jar;F:\repository\org\springframework\spring-web\5.0.5.RELEASE\spring-web-5.0.5.RELEASE.jar;F:\repository\org\springframework\cloud\spring-cloud-commons\2.0.1.RELEASE\spring-cloud-commons-2.0.1.RELEASE.jar;F:\repository\io\github\openfeign\feign-core\9.5.1\feign-core-9.5.1.jar;F:\repository\io\github\openfeign\feign-slf4j\9.5.1\feign-slf4j-9.5.1.jar;F:\repository\io\github\openfeign\feign-hystrix\9.5.1\feign-hystrix-9.5.1.jar;F:\repository\com\netflix\hystrix\hystrix-core\1.5.12\hystrix-core-1.5.12.jar;F:\repository\io\github\openfeign\feign-java8\9.5.1\feign-java8-9.5.1.jar;F:\repository\com\xuecheng\xc-service-api\1.0-SNAPSHOT\xc-service-api-1.0-SNAPSHOT.jar;F:\repository\commons-fileupload\commons-fileupload\1.3.3\commons-fileupload-1.3.3.jar;F:\repository\io\springfox\springfox-swagger2\2.7.0\springfox-swagger2-2.7.0.jar;F:\repository\io\swagger\swagger-annotations\1.5.13\swagger-annotations-1.5.13.jar;F:\repository\io\swagger\swagger-models\1.5.13\swagger-models-1.5.13.jar;F:\repository\io\springfox\springfox-spi\2.7.0\springfox-spi-2.7.0.jar;F:\repository\io\springfox\springfox-core\2.7.0\springfox-core-2.7.0.jar;F:\repository\io\springfox\springfox-schema\2.7.0\springfox-schema-2.7.0.jar;F:\repository\io\springfox\springfox-swagger-common\2.7.0\springfox-swagger-common-2.7.0.jar;F:\repository\io\springfox\springfox-spring-web\2.7.0\springfox-spring-web-2.7.0.jar;F:\repository\org\reflections\reflections\0.9.11\reflections-0.9.11.jar;F:\repository\com\fasterxml\classmate\1.3.4\classmate-1.3.4.jar;F:\repository\org\springframework\plugin\spring-plugin-core\1.2.0.RELEASE\spring-plugin-core-1.2.0.RELEASE.jar;F:\repository\org\springframework\plugin\spring-plugin-metadata\1.2.0.RELEASE\spring-plugin-metadata-1.2.0.RELEASE.jar;F:\repository\org\mapstruct\mapstruct\1.1.0.Final\mapstruct-1.1.0.Final.jar;F:\repository\io\springfox\springfox-swagger-ui\2.7.0\springfox-swagger-ui-2.7.0.jar;F:\repository\com\xuecheng\xc-framework-model\1.0-SNAPSHOT\xc-framework-model-1.0-SNAPSHOT.jar;F:\repository\org\projectlombok\lombok\1.16.16\lombok-1.16.16.jar;F:\repository\org\springframework\data\spring-data-commons\2.0.6.RELEASE\spring-data-commons-2.0.6.RELEASE.jar;F:\repository\org\springframework\data\spring-data-mongodb\2.0.6.RELEASE\spring-data-mongodb-2.0.6.RELEASE.jar;F:\repository\org\springframework\spring-context\5.0.5.RELEASE\spring-context-5.0.5.RELEASE.jar;F:\repository\org\springframework\spring-expression\5.0.5.RELEASE\spring-expression-5.0.5.RELEASE.jar;F:\repository\org\mongodb\mongo-java-driver\3.6.3\mongo-java-driver-3.6.3.jar;F:\repository\org\hibernate\hibernate-core\5.2.16.Final\hibernate-core-5.2.16.Final.jar;F:\repository\org\jboss\logging\jboss-logging\3.3.2.Final\jboss-logging-3.3.2.Final.jar;F:\repository\org\hibernate\javax\persistence\hibernate-jpa-2.1-api\1.0.0.Final\hibernate-jpa-2.1-api-1.0.0.Final.jar;F:\repository\org\javassist\javassist\3.22.0-GA\javassist-3.22.0-GA.jar;F:\repository\antlr\antlr\2.7.7\antlr-2.7.7.jar;F:\repository\org\jboss\spec\javax\transaction\jboss-transaction-api_1.2_spec\1.0.1.Final\jboss-transaction-api_1.2_spec-1.0.1.Final.jar;F:\repository\org\jboss\jandex\2.0.3.Final\jandex-2.0.3.Final.jar;F:\repository\dom4j\dom4j\1.6.1\dom4j-1.6.1.jar;F:\repository\org\hibernate\common\hibernate-commons-annotations\5.0.1.Final\hibernate-commons-annotations-5.0.1.Final.jar;F:\repository\com\google\guava\guava\24.0-jre\guava-24.0-jre.jar;F:\repository\com\google\code\findbugs\jsr305\1.3.9\jsr305-1.3.9.jar;F:\repository\org\checkerframework\checker-compat-qual\2.0.0\checker-compat-qual-2.0.0.jar;F:\repository\com\google\errorprone\error_prone_annotations\2.1.3\error_prone_annotations-2.1.3.jar;F:\repository\com\google\j2objc\j2objc-annotations\1.1\j2objc-annotations-1.1.jar;F:\repository\org\codehaus\mojo\animal-sniffer-annotations\1.14\animal-sniffer-annotations-1.14.jar;F:\repository\com\xuecheng\xc-framework-utils\1.0-SNAPSHOT\xc-framework-utils-1.0-SNAPSHOT.jar;F:\repository\javax\servlet\javax.servlet-api\3.1.0\javax.servlet-api-3.1.0.jar;F:\repository\org\springframework\boot\spring-boot-starter-logging\2.0.1.RELEASE\spring-boot-starter-logging-2.0.1.RELEASE.jar;F:\repository\ch\qos\logback\logback-classic\1.2.3\logback-classic-1.2.3.jar;F:\repository\ch\qos\logback\logback-core\1.2.3\logback-core-1.2.3.jar;F:\repository\org\apache\logging\log4j\log4j-to-slf4j\2.10.0\log4j-to-slf4j-2.10.0.jar;F:\repository\org\apache\logging\log4j\log4j-api\2.10.0\log4j-api-2.10.0.jar;F:\repository\org\slf4j\jul-to-slf4j\1.7.25\jul-to-slf4j-1.7.25.jar;F:\repository\org\apache\httpcomponents\httpclient\4.5.5\httpclient-4.5.5.jar;F:\repository\org\apache\httpcomponents\httpcore\4.4.9\httpcore-4.4.9.jar;F:\repository\commons-codec\commons-codec\1.10\commons-codec-1.10.jar;F:\repository\net\lingala\zip4j\zip4j\1.3.1\zip4j-1.3.1.jar;F:\repository\org\springframework\security\spring-security-crypto\5.0.4.RELEASE\spring-security-crypto-5.0.4.RELEASE.jar;F:\repository\org\springframework\security\spring-security-jwt\1.0.8.RELEASE\spring-security-jwt-1.0.8.RELEASE.jar;F:\repository\org\bouncycastle\bcpkix-jdk15on\1.56\bcpkix-jdk15on-1.56.jar;F:\repository\org\bouncycastle\bcprov-jdk15on\1.56\bcprov-jdk15on-1.56.jar;F:\repository\com\xuecheng\xc-framework-common\1.0-SNAPSHOT\xc-framework-common-1.0-SNAPSHOT.jar;F:\repository\org\springframework\boot\spring-boot-starter-web\2.0.1.RELEASE\spring-boot-starter-web-2.0.1.RELEASE.jar;F:\repository\org\springframework\boot\spring-boot-starter\2.0.1.RELEASE\spring-boot-starter-2.0.1.RELEASE.jar;F:\repository\javax\annotation\javax.annotation-api\1.3.2\javax.annotation-api-1.3.2.jar;F:\repository\org\yaml\snakeyaml\1.19\snakeyaml-1.19.jar;F:\repository\org\springframework\boot\spring-boot-starter-json\2.0.1.RELEASE\spring-boot-starter-json-2.0.1.RELEASE.jar;F:\repository\com\fasterxml\jackson\datatype\jackson-datatype-jdk8\2.9.5\jackson-datatype-jdk8-2.9.5.jar;F:\repository\com\fasterxml\jackson\datatype\jackson-datatype-jsr310\2.9.5\jackson-datatype-jsr310-2.9.5.jar;F:\repository\com\fasterxml\jackson\module\jackson-module-parameter-names\2.9.5\jackson-module-parameter-names-2.9.5.jar;F:\repository\org\springframework\boot\spring-boot-starter-tomcat\2.0.1.RELEASE\spring-boot-starter-tomcat-2.0.1.RELEASE.jar;F:\repository\org\apache\tomcat\embed\tomcat-embed-core\8.5.28\tomcat-embed-core-8.5.28.jar;F:\repository\org\apache\tomcat\embed\tomcat-embed-el\8.5.28\tomcat-embed-el-8.5.28.jar;F:\repository\org\apache\tomcat\embed\tomcat-embed-websocket\8.5.28\tomcat-embed-websocket-8.5.28.jar;F:\repository\org\hibernate\validator\hibernate-validator\6.0.9.Final\hibernate-validator-6.0.9.Final.jar;F:\repository\javax\validation\validation-api\2.0.1.Final\validation-api-2.0.1.Final.jar;F:\repository\org\springframework\spring-webmvc\5.0.5.RELEASE\spring-webmvc-5.0.5.RELEASE.jar;F:\repository\org\springframework\spring-aop\5.0.5.RELEASE\spring-aop-5.0.5.RELEASE.jar;F:\repository\mysql\mysql-connector-java\5.1.40\mysql-connector-java-5.1.40.jar;F:\repository\com\alibaba\druid-spring-boot-starter\1.1.10\druid-spring-boot-starter-1.1.10.jar;F:\repository\com\alibaba\druid\1.1.6\druid-1.1.6.jar;F:\repository\org\slf4j\slf4j-api\1.7.25\slf4j-api-1.7.25.jar;F:\repository\org\springframework\boot\spring-boot-autoconfigure\2.0.1.RELEASE\spring-boot-autoconfigure-2.0.1.RELEASE.jar;F:\repository\org\mybatis\spring\boot\mybatis-spring-boot-starter\1.3.1\mybatis-spring-boot-starter-1.3.1.jar;F:\repository\org\springframework\boot\spring-boot-starter-jdbc\2.0.1.RELEASE\spring-boot-starter-jdbc-2.0.1.RELEASE.jar;F:\repository\com\zaxxer\HikariCP\2.7.8\HikariCP-2.7.8.jar;F:\repository\org\mybatis\spring\boot\mybatis-spring-boot-autoconfigure\1.3.1\mybatis-spring-boot-autoconfigure-1.3.1.jar;F:\repository\org\mybatis\mybatis\3.4.5\mybatis-3.4.5.jar;F:\repository\org\mybatis\mybatis-spring\1.3.1\mybatis-spring-1.3.1.jar;F:\repository\org\springframework\spring-orm\5.0.5.RELEASE\spring-orm-5.0.5.RELEASE.jar;F:\repository\org\springframework\spring-beans\5.0.5.RELEASE\spring-beans-5.0.5.RELEASE.jar;F:\repository\org\springframework\spring-core\5.0.5.RELEASE\spring-core-5.0.5.RELEASE.jar;F:\repository\org\springframework\spring-jcl\5.0.5.RELEASE\spring-jcl-5.0.5.RELEASE.jar;F:\repository\org\springframework\spring-jdbc\5.0.5.RELEASE\spring-jdbc-5.0.5.RELEASE.jar;F:\repository\org\springframework\spring-tx\5.0.5.RELEASE\spring-tx-5.0.5.RELEASE.jar;F:\repository\org\springframework\boot\spring-boot-starter-data-jpa\2.0.1.RELEASE\spring-boot-starter-data-jpa-2.0.1.RELEASE.jar;F:\repository\org\springframework\boot\spring-boot-starter-aop\2.0.1.RELEASE\spring-boot-starter-aop-2.0.1.RELEASE.jar;F:\repository\org\aspectj\aspectjweaver\1.8.13\aspectjweaver-1.8.13.jar;F:\repository\javax\transaction\javax.transaction-api\1.2\javax.transaction-api-1.2.jar;F:\repository\org\springframework\data\spring-data-jpa\2.0.6.RELEASE\spring-data-jpa-2.0.6.RELEASE.jar;F:\repository\org\springframework\spring-aspects\5.0.5.RELEASE\spring-aspects-5.0.5.RELEASE.jar;F:\repository\com\squareup\okhttp3\okhttp\3.9.1\okhttp-3.9.1.jar;F:\repository\com\squareup\okio\okio\1.13.0\okio-1.13.0.jar;F:\repository\com\alibaba\fastjson\1.2.30\fastjson-1.2.30.jar;F:\repository\commons-io\commons-io\2.6\commons-io-2.6.jar;F:\repository\org\apache\commons\commons-lang3\3.6\commons-lang3-3.6.jar;F:\repository\com\github\pagehelper\pagehelper-spring-boot-starter\1.2.4\pagehelper-spring-boot-starter-1.2.4.jar;F:\repository\com\github\pagehelper\pagehelper-spring-boot-autoconfigure\1.2.4\pagehelper-spring-boot-autoconfigure-1.2.4.jar;F:\repository\com\github\pagehelper\pagehelper\5.1.3\pagehelper-5.1.3.jar;F:\repository\com\github\jsqlparser\jsqlparser\1.0\jsqlparser-1.0.jar;F:\repository\org\springframework\boot\spring-boot-starter-test\2.0.1.RELEASE\spring-boot-starter-test-2.0.1.RELEASE.jar;F:\repository\org\springframework\boot\spring-boot-test\2.0.1.RELEASE\spring-boot-test-2.0.1.RELEASE.jar;F:\repository\org\springframework\boot\spring-boot-test-autoconfigure\2.0.1.RELEASE\spring-boot-test-autoconfigure-2.0.1.RELEASE.jar;F:\repository\com\jayway\jsonpath\json-path\2.4.0\json-path-2.4.0.jar;F:\repository\net\minidev\json-smart\2.3\json-smart-2.3.jar;F:\repository\net\minidev\accessors-smart\1.2\accessors-smart-1.2.jar;F:\repository\org\ow2\asm\asm\5.0.4\asm-5.0.4.jar;F:\repository\junit\junit\4.12\junit-4.12.jar;F:\repository\org\assertj\assertj-core\3.9.1\assertj-core-3.9.1.jar;F:\repository\org\mockito\mockito-core\2.15.0\mockito-core-2.15.0.jar;F:\repository\net\bytebuddy\byte-buddy\1.7.11\byte-buddy-1.7.11.jar;F:\repository\net\bytebuddy\byte-buddy-agent\1.7.11\byte-buddy-agent-1.7.11.jar;F:\repository\org\objenesis\objenesis\2.6\objenesis-2.6.jar;F:\repository\org\hamcrest\hamcrest-core\1.3\hamcrest-core-1.3.jar;F:\repository\org\hamcrest\hamcrest-library\1.3\hamcrest-library-1.3.jar;F:\repository\org\skyscreamer\jsonassert\1.5.0\jsonassert-1.5.0.jar;F:\repository\com\vaadin\external\google\android-json\0.0.20131108.vaadin1\android-json-0.0.20131108.vaadin1.jar;F:\repository\org\springframework\spring-test\5.0.5.RELEASE\spring-test-5.0.5.RELEASE.jar;F:\repository\org\xmlunit\xmlunit-core\2.5.1\xmlunit-core-2.5.1.jar;, java.specification.name=Java Platform API Specification, java.class.version=52.0, sun.management.compiler=HotSpot 64-Bit Tiered Compilers, maven.repo.local=F:\repository, os.version=6.1, user.home=C:\Users\Administrator, user.timezone=Asia/Shanghai, java.awt.printerjob=sun.awt.windows.WPrinterJob, file.encoding=GBK, java.specification.version=1.8, java.class.path=F:\teach\xcEdu\xcEduService01\xc-service-manage-course\target\test-classes;F:\teach\xcEdu\xcEduService01\xc-service-manage-course\target\classes;F:\repository\org\springframework\cloud\spring-cloud-starter-security\2.0.0.RELEASE\spring-cloud-starter-security-2.0.0.RELEASE.jar;F:\repository\org\springframework\cloud\spring-cloud-starter\2.0.1.RELEASE\spring-cloud-starter-2.0.1.RELEASE.jar;F:\repository\org\springframework\cloud\spring-cloud-context\2.0.1.RELEASE\spring-cloud-context-2.0.1.RELEASE.jar;F:\repository\org\springframework\security\spring-security-rsa\1.0.5.RELEASE\spring-security-rsa-1.0.5.RELEASE.jar;F:\repository\org\springframework\boot\spring-boot-starter-actuator\2.0.1.RELEASE\spring-boot-starter-actuator-2.0.1.RELEASE.jar;F:\repository\org\springframework\boot\spring-boot-actuator-autoconfigure\2.0.1.RELEASE\spring-boot-actuator-autoconfigure-2.0.1.RELEASE.jar;F:\repository\org\springframework\boot\spring-boot-actuator\2.0.1.RELEASE\spring-boot-actuator-2.0.1.RELEASE.jar;F:\repository\io\micrometer\micrometer-core\1.0.3\micrometer-core-1.0.3.jar;F:\repository\org\hdrhistogram\HdrHistogram\2.1.10\HdrHistogram-2.1.10.jar;F:\repository\org\latencyutils\LatencyUtils\2.0.3\LatencyUtils-2.0.3.jar;F:\repository\org\springframework\cloud\spring-cloud-security\2.0.0.RELEASE\spring-cloud-security-2.0.0.RELEASE.jar;F:\repository\org\springframework\boot\spring-boot-starter-security\2.0.1.RELEASE\spring-boot-starter-security-2.0.1.RELEASE.jar;F:\repository\org\springframework\security\spring-security-config\5.0.4.RELEASE\spring-security-config-5.0.4.RELEASE.jar;F:\repository\org\springframework\security\spring-security-web\5.0.4.RELEASE\spring-security-web-5.0.4.RELEASE.jar;F:\repository\org\springframework\cloud\spring-cloud-starter-oauth2\2.0.0.RELEASE\spring-cloud-starter-oauth2-2.0.0.RELEASE.jar;F:\repository\org\springframework\security\oauth\boot\spring-security-oauth2-autoconfigure\2.0.0.RELEASE\spring-security-oauth2-autoconfigure-2.0.0.RELEASE.jar;F:\repository\com\fasterxml\jackson\core\jackson-annotations\2.9.0\jackson-annotations-2.9.0.jar;F:\repository\com\fasterxml\jackson\core\jackson-databind\2.9.5\jackson-databind-2.9.5.jar;F:\repository\org\springframework\boot\spring-boot\2.0.1.RELEASE\spring-boot-2.0.1.RELEASE.jar;F:\repository\org\springframework\security\oauth\spring-security-oauth2\2.2.1.RELEASE\spring-security-oauth2-2.2.1.RELEASE.jar;F:\repository\org\springframework\security\spring-security-core\5.0.4.RELEASE\spring-security-core-5.0.4.RELEASE.jar;F:\repository\org\codehaus\jackson\jackson-mapper-asl\1.9.13\jackson-mapper-asl-1.9.13.jar;F:\repository\org\codehaus\jackson\jackson-core-asl\1.9.13\jackson-core-asl-1.9.13.jar;F:\repository\org\springframework\cloud\spring-cloud-starter-netflix-eureka-client\2.0.1.RELEASE\spring-cloud-starter-netflix-eureka-client-2.0.1.RELEASE.jar;F:\repository\org\springframework\cloud\spring-cloud-netflix-core\2.0.1.RELEASE\spring-cloud-netflix-core-2.0.1.RELEASE.jar;F:\repository\org\springframework\cloud\spring-cloud-netflix-eureka-client\2.0.1.RELEASE\spring-cloud-netflix-eureka-client-2.0.1.RELEASE.jar;F:\repository\com\netflix\eureka\eureka-client\1.9.3\eureka-client-1.9.3.jar;F:\repository\org\codehaus\jettison\jettison\1.3.7\jettison-1.3.7.jar;F:\repository\stax\stax-api\1.0.1\stax-api-1.0.1.jar;F:\repository\com\netflix\netflix-commons\netflix-eventbus\0.3.0\netflix-eventbus-0.3.0.jar;F:\repository\com\netflix\netflix-commons\netflix-infix\0.3.0\netflix-infix-0.3.0.jar;F:\repository\commons-jxpath\commons-jxpath\1.3\commons-jxpath-1.3.jar;F:\repository\joda-time\joda-time\2.9.9\joda-time-2.9.9.jar;F:\repository\org\antlr\antlr-runtime\3.4\antlr-runtime-3.4.jar;F:\repository\org\antlr\stringtemplate\3.2.1\stringtemplate-3.2.1.jar;F:\repository\com\google\code\gson\gson\2.8.2\gson-2.8.2.jar;F:\repository\org\apache\commons\commons-math\2.2\commons-math-2.2.jar;F:\repository\com\netflix\archaius\archaius-core\0.7.6\archaius-core-0.7.6.jar;F:\repository\javax\ws\rs\jsr311-api\1.1.1\jsr311-api-1.1.1.jar;F:\repository\com\netflix\servo\servo-core\0.12.21\servo-core-0.12.21.jar;F:\repository\com\sun\jersey\jersey-core\1.19.1\jersey-core-1.19.1.jar;F:\repository\com\sun\jersey\jersey-client\1.19.1\jersey-client-1.19.1.jar;F:\repository\com\sun\jersey\contribs\jersey-apache-client4\1.19.1\jersey-apache-client4-1.19.1.jar;F:\repository\com\google\inject\guice\4.1.0\guice-4.1.0.jar;F:\repository\javax\inject\javax.inject\1\javax.inject-1.jar;F:\repository\aopalliance\aopalliance\1.0\aopalliance-1.0.jar;F:\repository\com\github\vlsi\compactmap\compactmap\1.2.1\compactmap-1.2.1.jar;F:\repository\com\github\andrewoma\dexx\dexx-collections\0.2\dexx-collections-0.2.jar;F:\repository\com\fasterxml\jackson\core\jackson-core\2.9.5\jackson-core-2.9.5.jar;F:\repository\com\netflix\eureka\eureka-core\1.9.3\eureka-core-1.9.3.jar;F:\repository\org\codehaus\woodstox\woodstox-core-asl\4.4.1\woodstox-core-asl-4.4.1.jar;F:\repository\javax\xml\stream\stax-api\1.0-2\stax-api-1.0-2.jar;F:\repository\org\codehaus\woodstox\stax2-api\3.1.4\stax2-api-3.1.4.jar;F:\repository\org\springframework\cloud\spring-cloud-starter-netflix-archaius\2.0.1.RELEASE\spring-cloud-starter-netflix-archaius-2.0.1.RELEASE.jar;F:\repository\org\springframework\cloud\spring-cloud-netflix-ribbon\2.0.1.RELEASE\spring-cloud-netflix-ribbon-2.0.1.RELEASE.jar;F:\repository\org\springframework\cloud\spring-cloud-netflix-archaius\2.0.1.RELEASE\spring-cloud-netflix-archaius-2.0.1.RELEASE.jar;F:\repository\commons-configuration\commons-configuration\1.8\commons-configuration-1.8.jar;F:\repository\commons-lang\commons-lang\2.6\commons-lang-2.6.jar;F:\repository\org\springframework\cloud\spring-cloud-starter-netflix-ribbon\2.0.1.RELEASE\spring-cloud-starter-netflix-ribbon-2.0.1.RELEASE.jar;F:\repository\com\netflix\ribbon\ribbon\2.2.5\ribbon-2.2.5.jar;F:\repository\com\netflix\ribbon\ribbon-transport\2.2.5\ribbon-transport-2.2.5.jar;F:\repository\io\reactivex\rxnetty-contexts\0.4.9\rxnetty-contexts-0.4.9.jar;F:\repository\io\reactivex\rxnetty-servo\0.4.9\rxnetty-servo-0.4.9.jar;F:\repository\io\reactivex\rxnetty\0.4.9\rxnetty-0.4.9.jar;F:\repository\io\netty\netty-codec-http\4.1.23.Final\netty-codec-http-4.1.23.Final.jar;F:\repository\io\netty\netty-codec\4.1.23.Final\netty-codec-4.1.23.Final.jar;F:\repository\io\netty\netty-transport-native-epoll\4.1.23.Final\netty-transport-native-epoll-4.1.23.Final.jar;F:\repository\io\netty\netty-common\4.1.23.Final\netty-common-4.1.23.Final.jar;F:\repository\io\netty\netty-buffer\4.1.23.Final\netty-buffer-4.1.23.Final.jar;F:\repository\io\netty\netty-transport-native-unix-common\4.1.23.Final\netty-transport-native-unix-common-4.1.23.Final.jar;F:\repository\io\netty\netty-transport\4.1.23.Final\netty-transport-4.1.23.Final.jar;F:\repository\io\netty\netty-resolver\4.1.23.Final\netty-resolver-4.1.23.Final.jar;F:\repository\com\netflix\ribbon\ribbon-core\2.2.5\ribbon-core-2.2.5.jar;F:\repository\com\netflix\ribbon\ribbon-httpclient\2.2.5\ribbon-httpclient-2.2.5.jar;F:\repository\commons-collections\commons-collections\3.2.2\commons-collections-3.2.2.jar;F:\repository\com\netflix\netflix-commons\netflix-commons-util\0.3.0\netflix-commons-util-0.3.0.jar;F:\repository\com\netflix\ribbon\ribbon-loadbalancer\2.2.5\ribbon-loadbalancer-2.2.5.jar;F:\repository\com\netflix\netflix-commons\netflix-statistics\0.1.1\netflix-statistics-0.1.1.jar;F:\repository\io\reactivex\rxjava\1.3.8\rxjava-1.3.8.jar;F:\repository\com\netflix\ribbon\ribbon-eureka\2.2.5\ribbon-eureka-2.2.5.jar;F:\repository\com\thoughtworks\xstream\xstream\1.4.10\xstream-1.4.10.jar;F:\repository\xmlpull\xmlpull\1.1.3.1\xmlpull-1.1.3.1.jar;F:\repository\xpp3\xpp3_min\1.1.4c\xpp3_min-1.1.4c.jar;F:\repository\org\springframework\cloud\spring-cloud-starter-openfeign\2.0.1.RELEASE\spring-cloud-starter-openfeign-2.0.1.RELEASE.jar;F:\repository\org\springframework\cloud\spring-cloud-openfeign-core\2.0.1.RELEASE\spring-cloud-openfeign-core-2.0.1.RELEASE.jar;F:\repository\org\springframework\spring-web\5.0.5.RELEASE\spring-web-5.0.5.RELEASE.jar;F:\repository\org\springframework\cloud\spring-cloud-commons\2.0.1.RELEASE\spring-cloud-commons-2.0.1.RELEASE.jar;F:\repository\io\github\openfeign\feign-core\9.5.1\feign-core-9.5.1.jar;F:\repository\io\github\openfeign\feign-slf4j\9.5.1\feign-slf4j-9.5.1.jar;F:\repository\io\github\openfeign\feign-hystrix\9.5.1\feign-hystrix-9.5.1.jar;F:\repository\com\netflix\hystrix\hystrix-core\1.5.12\hystrix-core-1.5.12.jar;F:\repository\io\github\openfeign\feign-java8\9.5.1\feign-java8-9.5.1.jar;F:\repository\com\xuecheng\xc-service-api\1.0-SNAPSHOT\xc-service-api-1.0-SNAPSHOT.jar;F:\repository\commons-fileupload\commons-fileupload\1.3.3\commons-fileupload-1.3.3.jar;F:\repository\io\springfox\springfox-swagger2\2.7.0\springfox-swagger2-2.7.0.jar;F:\repository\io\swagger\swagger-annotations\1.5.13\swagger-annotations-1.5.13.jar;F:\repository\io\swagger\swagger-models\1.5.13\swagger-models-1.5.13.jar;F:\repository\io\springfox\springfox-spi\2.7.0\springfox-spi-2.7.0.jar;F:\repository\io\springfox\springfox-core\2.7.0\springfox-core-2.7.0.jar;F:\repository\io\springfox\springfox-schema\2.7.0\springfox-schema-2.7.0.jar;F:\repository\io\springfox\springfox-swagger-common\2.7.0\springfox-swagger-common-2.7.0.jar;F:\repository\io\springfox\springfox-spring-web\2.7.0\springfox-spring-web-2.7.0.jar;F:\repository\org\reflections\reflections\0.9.11\reflections-0.9.11.jar;F:\repository\com\fasterxml\classmate\1.3.4\classmate-1.3.4.jar;F:\repository\org\springframework\plugin\spring-plugin-core\1.2.0.RELEASE\spring-plugin-core-1.2.0.RELEASE.jar;F:\repository\org\springframework\plugin\spring-plugin-metadata\1.2.0.RELEASE\spring-plugin-metadata-1.2.0.RELEASE.jar;F:\repository\org\mapstruct\mapstruct\1.1.0.Final\mapstruct-1.1.0.Final.jar;F:\repository\io\springfox\springfox-swagger-ui\2.7.0\springfox-swagger-ui-2.7.0.jar;F:\repository\com\xuecheng\xc-framework-model\1.0-SNAPSHOT\xc-framework-model-1.0-SNAPSHOT.jar;F:\repository\org\projectlombok\lombok\1.16.16\lombok-1.16.16.jar;F:\repository\org\springframework\data\spring-data-commons\2.0.6.RELEASE\spring-data-commons-2.0.6.RELEASE.jar;F:\repository\org\springframework\data\spring-data-mongodb\2.0.6.RELEASE\spring-data-mongodb-2.0.6.RELEASE.jar;F:\repository\org\springframework\spring-context\5.0.5.RELEASE\spring-context-5.0.5.RELEASE.jar;F:\repository\org\springframework\spring-expression\5.0.5.RELEASE\spring-expression-5.0.5.RELEASE.jar;F:\repository\org\mongodb\mongo-java-driver\3.6.3\mongo-java-driver-3.6.3.jar;F:\repository\org\hibernate\hibernate-core\5.2.16.Final\hibernate-core-5.2.16.Final.jar;F:\repository\org\jboss\logging\jboss-logging\3.3.2.Final\jboss-logging-3.3.2.Final.jar;F:\repository\org\hibernate\javax\persistence\hibernate-jpa-2.1-api\1.0.0.Final\hibernate-jpa-2.1-api-1.0.0.Final.jar;F:\repository\org\javassist\javassist\3.22.0-GA\javassist-3.22.0-GA.jar;F:\repository\antlr\antlr\2.7.7\antlr-2.7.7.jar;F:\repository\org\jboss\spec\javax\transaction\jboss-transaction-api_1.2_spec\1.0.1.Final\jboss-transaction-api_1.2_spec-1.0.1.Final.jar;F:\repository\org\jboss\jandex\2.0.3.Final\jandex-2.0.3.Final.jar;F:\repository\dom4j\dom4j\1.6.1\dom4j-1.6.1.jar;F:\repository\org\hibernate\common\hibernate-commons-annotations\5.0.1.Final\hibernate-commons-annotations-5.0.1.Final.jar;F:\repository\com\google\guava\guava\24.0-jre\guava-24.0-jre.jar;F:\repository\com\google\code\findbugs\jsr305\1.3.9\jsr305-1.3.9.jar;F:\repository\org\checkerframework\checker-compat-qual\2.0.0\checker-compat-qual-2.0.0.jar;F:\repository\com\google\errorprone\error_prone_annotations\2.1.3\error_prone_annotations-2.1.3.jar;F:\repository\com\google\j2objc\j2objc-annotations\1.1\j2objc-annotations-1.1.jar;F:\repository\org\codehaus\mojo\animal-sniffer-annotations\1.14\animal-sniffer-annotations-1.14.jar;F:\repository\com\xuecheng\xc-framework-utils\1.0-SNAPSHOT\xc-framework-utils-1.0-SNAPSHOT.jar;F:\repository\javax\servlet\javax.servlet-api\3.1.0\javax.servlet-api-3.1.0.jar;F:\repository\org\springframework\boot\spring-boot-starter-logging\2.0.1.RELEASE\spring-boot-starter-logging-2.0.1.RELEASE.jar;F:\repository\ch\qos\logback\logback-classic\1.2.3\logback-classic-1.2.3.jar;F:\repository\ch\qos\logback\logback-core\1.2.3\logback-core-1.2.3.jar;F:\repository\org\apache\logging\log4j\log4j-to-slf4j\2.10.0\log4j-to-slf4j-2.10.0.jar;F:\repository\org\apache\logging\log4j\log4j-api\2.10.0\log4j-api-2.10.0.jar;F:\repository\org\slf4j\jul-to-slf4j\1.7.25\jul-to-slf4j-1.7.25.jar;F:\repository\org\apache\httpcomponents\httpclient\4.5.5\httpclient-4.5.5.jar;F:\repository\org\apache\httpcomponents\httpcore\4.4.9\httpcore-4.4.9.jar;F:\repository\commons-codec\commons-codec\1.10\commons-codec-1.10.jar;F:\repository\net\lingala\zip4j\zip4j\1.3.1\zip4j-1.3.1.jar;F:\repository\org\springframework\security\spring-security-crypto\5.0.4.RELEASE\spring-security-crypto-5.0.4.RELEASE.jar;F:\repository\org\springframework\security\spring-security-jwt\1.0.8.RELEASE\spring-security-jwt-1.0.8.RELEASE.jar;F:\repository\org\bouncycastle\bcpkix-jdk15on\1.56\bcpkix-jdk15on-1.56.jar;F:\repository\org\bouncycastle\bcprov-jdk15on\1.56\bcprov-jdk15on-1.56.jar;F:\repository\com\xuecheng\xc-framework-common\1.0-SNAPSHOT\xc-framework-common-1.0-SNAPSHOT.jar;F:\repository\org\springframework\boot\spring-boot-starter-web\2.0.1.RELEASE\spring-boot-starter-web-2.0.1.RELEASE.jar;F:\repository\org\springframework\boot\spring-boot-starter\2.0.1.RELEASE\spring-boot-starter-2.0.1.RELEASE.jar;F:\repository\javax\annotation\javax.annotation-api\1.3.2\javax.annotation-api-1.3.2.jar;F:\repository\org\yaml\snakeyaml\1.19\snakeyaml-1.19.jar;F:\repository\org\springframework\boot\spring-boot-starter-json\2.0.1.RELEASE\spring-boot-starter-json-2.0.1.RELEASE.jar;F:\repository\com\fasterxml\jackson\datatype\jackson-datatype-jdk8\2.9.5\jackson-datatype-jdk8-2.9.5.jar;F:\repository\com\fasterxml\jackson\datatype\jackson-datatype-jsr310\2.9.5\jackson-datatype-jsr310-2.9.5.jar;F:\repository\com\fasterxml\jackson\module\jackson-module-parameter-names\2.9.5\jackson-module-parameter-names-2.9.5.jar;F:\repository\org\springframework\boot\spring-boot-starter-tomcat\2.0.1.RELEASE\spring-boot-starter-tomcat-2.0.1.RELEASE.jar;F:\repository\org\apache\tomcat\embed\tomcat-embed-core\8.5.28\tomcat-embed-core-8.5.28.jar;F:\repository\org\apache\tomcat\embed\tomcat-embed-el\8.5.28\tomcat-embed-el-8.5.28.jar;F:\repository\org\apache\tomcat\embed\tomcat-embed-websocket\8.5.28\tomcat-embed-websocket-8.5.28.jar;F:\repository\org\hibernate\validator\hibernate-validator\6.0.9.Final\hibernate-validator-6.0.9.Final.jar;F:\repository\javax\validation\validation-api\2.0.1.Final\validation-api-2.0.1.Final.jar;F:\repository\org\springframework\spring-webmvc\5.0.5.RELEASE\spring-webmvc-5.0.5.RELEASE.jar;F:\repository\org\springframework\spring-aop\5.0.5.RELEASE\spring-aop-5.0.5.RELEASE.jar;F:\repository\mysql\mysql-connector-java\5.1.40\mysql-connector-java-5.1.40.jar;F:\repository\com\alibaba\druid-spring-boot-starter\1.1.10\druid-spring-boot-starter-1.1.10.jar;F:\repository\com\alibaba\druid\1.1.6\druid-1.1.6.jar;F:\repository\org\slf4j\slf4j-api\1.7.25\slf4j-api-1.7.25.jar;F:\repository\org\springframework\boot\spring-boot-autoconfigure\2.0.1.RELEASE\spring-boot-autoconfigure-2.0.1.RELEASE.jar;F:\repository\org\mybatis\spring\boot\mybatis-spring-boot-starter\1.3.1\mybatis-spring-boot-starter-1.3.1.jar;F:\repository\org\springframework\boot\spring-boot-starter-jdbc\2.0.1.RELEASE\spring-boot-starter-jdbc-2.0.1.RELEASE.jar;F:\repository\com\zaxxer\HikariCP\2.7.8\HikariCP-2.7.8.jar;F:\repository\org\mybatis\spring\boot\mybatis-spring-boot-autoconfigure\1.3.1\mybatis-spring-boot-autoconfigure-1.3.1.jar;F:\repository\org\mybatis\mybatis\3.4.5\mybatis-3.4.5.jar;F:\repository\org\mybatis\mybatis-spring\1.3.1\mybatis-spring-1.3.1.jar;F:\repository\org\springframework\spring-orm\5.0.5.RELEASE\spring-orm-5.0.5.RELEASE.jar;F:\repository\org\springframework\spring-beans\5.0.5.RELEASE\spring-beans-5.0.5.RELEASE.jar;F:\repository\org\springframework\spring-core\5.0.5.RELEASE\spring-core-5.0.5.RELEASE.jar;F:\repository\org\springframework\spring-jcl\5.0.5.RELEASE\spring-jcl-5.0.5.RELEASE.jar;F:\repository\org\springframework\spring-jdbc\5.0.5.RELEASE\spring-jdbc-5.0.5.RELEASE.jar;F:\repository\org\springframework\spring-tx\5.0.5.RELEASE\spring-tx-5.0.5.RELEASE.jar;F:\repository\org\springframework\boot\spring-boot-starter-data-jpa\2.0.1.RELEASE\spring-boot-starter-data-jpa-2.0.1.RELEASE.jar;F:\repository\org\springframework\boot\spring-boot-starter-aop\2.0.1.RELEASE\spring-boot-starter-aop-2.0.1.RELEASE.jar;F:\repository\org\aspectj\aspectjweaver\1.8.13\aspectjweaver-1.8.13.jar;F:\repository\javax\transaction\javax.transaction-api\1.2\javax.transaction-api-1.2.jar;F:\repository\org\springframework\data\spring-data-jpa\2.0.6.RELEASE\spring-data-jpa-2.0.6.RELEASE.jar;F:\repository\org\springframework\spring-aspects\5.0.5.RELEASE\spring-aspects-5.0.5.RELEASE.jar;F:\repository\com\squareup\okhttp3\okhttp\3.9.1\okhttp-3.9.1.jar;F:\repository\com\squareup\okio\okio\1.13.0\okio-1.13.0.jar;F:\repository\com\alibaba\fastjson\1.2.30\fastjson-1.2.30.jar;F:\repository\commons-io\commons-io\2.6\commons-io-2.6.jar;F:\repository\org\apache\commons\commons-lang3\3.6\commons-lang3-3.6.jar;F:\repository\com\github\pagehelper\pagehelper-spring-boot-starter\1.2.4\pagehelper-spring-boot-starter-1.2.4.jar;F:\repository\com\github\pagehelper\pagehelper-spring-boot-autoconfigure\1.2.4\pagehelper-spring-boot-autoconfigure-1.2.4.jar;F:\repository\com\github\pagehelper\pagehelper\5.1.3\pagehelper-5.1.3.jar;F:\repository\com\github\jsqlparser\jsqlparser\1.0\jsqlparser-1.0.jar;F:\repository\org\springframework\boot\spring-boot-starter-test\2.0.1.RELEASE\spring-boot-starter-test-2.0.1.RELEASE.jar;F:\repository\org\springframework\boot\spring-boot-test\2.0.1.RELEASE\spring-boot-test-2.0.1.RELEASE.jar;F:\repository\org\springframework\boot\spring-boot-test-autoconfigure\2.0.1.RELEASE\spring-boot-test-autoconfigure-2.0.1.RELEASE.jar;F:\repository\com\jayway\jsonpath\json-path\2.4.0\json-path-2.4.0.jar;F:\repository\net\minidev\json-smart\2.3\json-smart-2.3.jar;F:\repository\net\minidev\accessors-smart\1.2\accessors-smart-1.2.jar;F:\repository\org\ow2\asm\asm\5.0.4\asm-5.0.4.jar;F:\repository\junit\junit\4.12\junit-4.12.jar;F:\repository\org\assertj\assertj-core\3.9.1\assertj-core-3.9.1.jar;F:\repository\org\mockito\mockito-core\2.15.0\mockito-core-2.15.0.jar;F:\repository\net\bytebuddy\byte-buddy\1.7.11\byte-buddy-1.7.11.jar;F:\repository\net\bytebuddy\byte-buddy-agent\1.7.11\byte-buddy-agent-1.7.11.jar;F:\repository\org\objenesis\objenesis\2.6\objenesis-2.6.jar;F:\repository\org\hamcrest\hamcrest-core\1.3\hamcrest-core-1.3.jar;F:\repository\org\hamcrest\hamcrest-library\1.3\hamcrest-library-1.3.jar;F:\repository\org\skyscreamer\jsonassert\1.5.0\jsonassert-1.5.0.jar;F:\repository\com\vaadin\external\google\android-json\0.0.20131108.vaadin1\android-json-0.0.20131108.vaadin1.jar;F:\repository\org\springframework\spring-test\5.0.5.RELEASE\spring-test-5.0.5.RELEASE.jar;F:\repository\org\xmlunit\xmlunit-core\2.5.1\xmlunit-core-2.5.1.jar;, user.name=Administrator, java.vm.specification.version=1.8, sun.java.command=C:\Users\Administrator\AppData\Local\Temp\surefire6498370663219308547\surefirebooter6461815083094818335.jar C:\Users\Administrator\AppData\Local\Temp\surefire6498370663219308547 2019-08-17T19-01-24_866-jvmRun1 surefire9075522842911747807tmp surefire_01004844551653676763tmp, java.home=F:\develop\Java\jdk1.8.0_131\jre, sun.arch.data.model=64, user.language=zh, java.specification.vendor=Oracle Corporation, idea.version2019.1.3=true, awt.toolkit=sun.awt.windows.WToolkit, java.vm.info=mixed mode, java.version=1.8.0_131, java.ext.dirs=F:\develop\Java\jdk1.8.0_131\jre\lib\ext;C:\windows\Sun\Java\lib\ext, sun.boot.class.path=F:\develop\Java\jdk1.8.0_131\jre\lib\resources.jar;F:\develop\Java\jdk1.8.0_131\jre\lib\rt.jar;F:\develop\Java\jdk1.8.0_131\jre\lib\sunrsasign.jar;F:\develop\Java\jdk1.8.0_131\jre\lib\jsse.jar;F:\develop\Java\jdk1.8.0_131\jre\lib\jce.jar;F:\develop\Java\jdk1.8.0_131\jre\lib\charsets.jar;F:\develop\Java\jdk1.8.0_131\jre\lib\jfr.jar;F:\develop\Java\jdk1.8.0_131\jre\classes, java.vendor=Oracle Corporation, localRepository=F:\repository, file.separator=\, java.vendor.url.bug=http://bugreport.sun.com/bugreport/, sun.io.unicode.encoding=UnicodeLittle, sun.cpu.endian=little, sun.desktop=windows, sun.cpu.isalist=amd64}}, SystemEnvironmentPropertySource@306980751 {name='systemEnvironment', properties={PATH=F:\Oracle\product\11.2.0\dbhome_1\bin;C:\ProgramData\Oracle\Java\javapath;F:\develop\Java\jdk1.8.0_91;F:\develop\Java\jdk1.8.0_131\bin;F:\develop\Java\jdk1.8.0_131\jre\bin;F:\Mysql\bin;C:\windows\system32;F:\develop\Java\jdk1.8.0_131\bin;F:\develop\Java\jdk1.8.0_131\jre\bin;F:\SQL Server\110\DTS\Binn\;F:\SQL Server2\110\Tools\Binn\;F:\SQL Server\110\Tools\Binn\;F:\SQL Server2\110\Tools\Binn\ManagementStudio\;C:\Program Files (x86)\Microsoft Visual Studio 10.0\Common7\IDE\PrivateAssemblies\;F:\SQL Server2\110\DTS\Binn\;C:\Program Files (x86)\NVIDIA Corporation\PhysX\Common;C:\Program Files (x86)\MySQL\MySQL Utilities 1.6;F:\apache-maven-3.6.1\bin;G:\JAVA学习\SpringBoot学习\gradle-4.10.1\bin;F:\Redis\;F:\Git\cmd;C:\Program Files\erl10.0.1\bin;F:\RabbitMQ Server\rabbitmq_server-3.7.16\sbin;F:\nodejs\npm_modules;F:\nodejs\;F:\ffmpeg-20180227-fa0c9d6-win64-static\bin;C:\Users\Administrator\AppData\Roaming\npm, PROCESSOR_LEVEL=6, SYSTEMDRIVE=C:, FP_NO_HOST_CHECK=NO, SESSIONNAME=Console, ALLUSERSPROFILE=C:\ProgramData, LNKEVN=C:\Program Files (x86)\Internet Explorer\iexplore.exe, PROCESSOR_ARCHITECTURE=AMD64, NVIDIAWHITELISTED=0x01, MAVEN_HOME=F:\apache-maven-3.6.1, PROGRAMFILES=C:\Program Files, PSMODULEPATH=C:\windows\system32\WindowsPowerShell\v1.0\Modules\;F:\SQL Server2\110\Tools\PowerShell\Modules\, RABBIT_HOME=F:\RabbitMQ Server\rabbitmq_server-3.7.16, PROGRAMDATA=C:\ProgramData, USERNAME=Administrator, PATHEXT=.COM;.EXE;.BAT;.CMD;.VBS;.VBE;.JS;.JSE;.WSF;.WSH;.MSC, SHIM_MCCOMPAT=0x810000001, WINDIR=C:\windows, =F:=F:\teach\xcEdu\xcEduService01\xc-service-manage-course, HOMEPATH=\Users\Administrator, MYSQL_HOME=F:\Mysql, PROCESSOR_IDENTIFIER=Intel64 Family 6 Model 60 Stepping 3, GenuineIntel, WINDOWS_TRACING_LOGFILE=C:\BVTBin\Tests\installpackage\csilogfile.log, PUBLIC=C:\Users\Public, =::=::\, LOCALAPPDATA=C:\Users\Administrator\AppData\Local, COMMONPROGRAMFILES(X86)=C:\Program Files (x86)\Common Files, USERDOMAIN=M665NVQR3FTY6MH, LOGONSERVER=\\M665NVQR3FTY6MH, JAVA_HOME=F:\develop\Java\jdk1.8.0_131, PROMPT=$P$G, PROGRAMFILES(X86)=C:\Program Files (x86), GRADLE_HOME=G:\JAVA学习\SpringBoot学习\gradle-4.10.1, ERLANG_HOME=C:\Program Files\erl10.0.1, WINDOWS_TRACING_FLAGS=3, APPDATA=C:\Users\Administrator\AppData\Roaming, PROGRAMW6432=C:\Program Files, SYSTEMROOT=C:\windows, OS=Windows_NT, COMMONPROGRAMW6432=C:\Program Files\Common Files, COMPUTERNAME=M665NVQR3FTY6MH, COMMONPROGRAMFILES=C:\Program Files\Common Files, COMSPEC=C:\windows\system32\cmd.exe, PROCESSOR_REVISION=3c03, CLASSPATH=.;F:\develop\Java\jdk1.8.0_131\lib;F:\develop\Java\jdk1.8.0_131\lib\dt.jar;F:\develop\Java\jdk1.8.0_131\lib\tools.jar, TEMP=C:\Users\Administrator\AppData\Local\Temp, HOMEDRIVE=C:, USERPROFILE=C:\Users\Administrator, TMP=C:\Users\Administrator\AppData\Local\Temp, NUMBER_OF_PROCESSORS=8}}]
19:01:26.768 [main] DEBUG org.springframework.core.io.support.PathMatchingResourcePatternResolver - Resolved classpath location [com/xuecheng/manage_course/dao/] to resources [URL [file:/F:/teach/xcEdu/xcEduService01/xc-service-manage-course/target/test-classes/com/xuecheng/manage_course/dao/], URL [file:/F:/teach/xcEdu/xcEduService01/xc-service-manage-course/target/classes/com/xuecheng/manage_course/dao/]]
19:01:26.769 [main] DEBUG org.springframework.core.io.support.PathMatchingResourcePatternResolver - Looking for matching resources in directory tree [F:\teach\xcEdu\xcEduService01\xc-service-manage-course\target\test-classes\com\xuecheng\manage_course\dao]
19:01:26.770 [main] DEBUG org.springframework.core.io.support.PathMatchingResourcePatternResolver - Searching directory [F:\teach\xcEdu\xcEduService01\xc-service-manage-course\target\test-classes\com\xuecheng\manage_course\dao] for files matching pattern [F:/teach/xcEdu/xcEduService01/xc-service-manage-course/target/test-classes/com/xuecheng/manage_course/dao/*.class]
19:01:26.781 [main] DEBUG org.springframework.core.io.support.PathMatchingResourcePatternResolver - Looking for matching resources in directory tree [F:\teach\xcEdu\xcEduService01\xc-service-manage-course\target\classes\com\xuecheng\manage_course\dao]
19:01:26.782 [main] DEBUG org.springframework.core.io.support.PathMatchingResourcePatternResolver - Searching directory [F:\teach\xcEdu\xcEduService01\xc-service-manage-course\target\classes\com\xuecheng\manage_course\dao] for files matching pattern [F:/teach/xcEdu/xcEduService01/xc-service-manage-course/target/classes/com/xuecheng/manage_course/dao/*.class]
19:01:26.790 [main] DEBUG org.springframework.core.io.support.PathMatchingResourcePatternResolver - Resolved location pattern [classpath*:com/xuecheng/manage_course/dao/*.class] to resources [file [F:\teach\xcEdu\xcEduService01\xc-service-manage-course\target\test-classes\com\xuecheng\manage_course\dao\test.class], file [F:\teach\xcEdu\xcEduService01\xc-service-manage-course\target\test-classes\com\xuecheng\manage_course\dao\TestDao.class], file [F:\teach\xcEdu\xcEduService01\xc-service-manage-course\target\classes\com\xuecheng\manage_course\dao\CategoryMapper.class], file [F:\teach\xcEdu\xcEduService01\xc-service-manage-course\target\classes\com\xuecheng\manage_course\dao\CourseBaseRepository.class], file [F:\teach\xcEdu\xcEduService01\xc-service-manage-course\target\classes\com\xuecheng\manage_course\dao\CourseMapper.class], file [F:\teach\xcEdu\xcEduService01\xc-service-manage-course\target\classes\com\xuecheng\manage_course\dao\CourseMarketRepository.class], file [F:\teach\xcEdu\xcEduService01\xc-service-manage-course\target\classes\com\xuecheng\manage_course\dao\CoursePicRepository.class], file [F:\teach\xcEdu\xcEduService01\xc-service-manage-course\target\classes\com\xuecheng\manage_course\dao\CoursePubRepository.class], file [F:\teach\xcEdu\xcEduService01\xc-service-manage-course\target\classes\com\xuecheng\manage_course\dao\TeachplanMapper.class], file [F:\teach\xcEdu\xcEduService01\xc-service-manage-course\target\classes\com\xuecheng\manage_course\dao\TeachplanMediaPubRepository.class], file [F:\teach\xcEdu\xcEduService01\xc-service-manage-course\target\classes\com\xuecheng\manage_course\dao\TeachplanMediaRepository.class], file [F:\teach\xcEdu\xcEduService01\xc-service-manage-course\target\classes\com\xuecheng\manage_course\dao\TeachplanRepository.class]]
19:01:26.937 [main] DEBUG org.springframework.core.io.support.PathMatchingResourcePatternResolver - Resolved classpath location [com/xuecheng/manage_course/] to resources [URL [file:/F:/teach/xcEdu/xcEduService01/xc-service-manage-course/target/test-classes/com/xuecheng/manage_course/], URL [file:/F:/teach/xcEdu/xcEduService01/xc-service-manage-course/target/classes/com/xuecheng/manage_course/]]
19:01:26.937 [main] DEBUG org.springframework.core.io.support.PathMatchingResourcePatternResolver - Looking for matching resources in directory tree [F:\teach\xcEdu\xcEduService01\xc-service-manage-course\target\test-classes\com\xuecheng\manage_course]
19:01:26.938 [main] DEBUG org.springframework.core.io.support.PathMatchingResourcePatternResolver - Searching directory [F:\teach\xcEdu\xcEduService01\xc-service-manage-course\target\test-classes\com\xuecheng\manage_course] for files matching pattern [F:/teach/xcEdu/xcEduService01/xc-service-manage-course/target/test-classes/com/xuecheng/manage_course/*.class]
19:01:26.939 [main] DEBUG org.springframework.core.io.support.PathMatchingResourcePatternResolver - Looking for matching resources in directory tree [F:\teach\xcEdu\xcEduService01\xc-service-manage-course\target\classes\com\xuecheng\manage_course]
19:01:26.940 [main] DEBUG org.springframework.core.io.support.PathMatchingResourcePatternResolver - Searching directory [F:\teach\xcEdu\xcEduService01\xc-service-manage-course\target\classes\com\xuecheng\manage_course] for files matching pattern [F:/teach/xcEdu/xcEduService01/xc-service-manage-course/target/classes/com/xuecheng/manage_course/*.class]
19:01:26.943 [main] DEBUG org.springframework.core.io.support.PathMatchingResourcePatternResolver - Resolved location pattern [classpath*:com/xuecheng/manage_course/*.class] to resources [file [F:\teach\xcEdu\xcEduService01\xc-service-manage-course\target\test-classes\com\xuecheng\manage_course\TestFeign.class], file [F:\teach\xcEdu\xcEduService01\xc-service-manage-course\target\test-classes\com\xuecheng\manage_course\TestRibbon.class], file [F:\teach\xcEdu\xcEduService01\xc-service-manage-course\target\classes\com\xuecheng\manage_course\ManageCourseApplication.class]]
19:01:27.038 [main] DEBUG org.springframework.context.annotation.ClassPathScanningCandidateComponentProvider - Identified candidate component class: file [F:\teach\xcEdu\xcEduService01\xc-service-manage-course\target\classes\com\xuecheng\manage_course\ManageCourseApplication.class]
19:01:27.040 [main] INFO org.springframework.boot.test.context.SpringBootTestContextBootstrapper - Found @SpringBootConfiguration com.xuecheng.manage_course.ManageCourseApplication for test class com.xuecheng.manage_course.dao.TestDao
19:01:27.378 [main] DEBUG org.springframework.boot.test.context.SpringBootTestContextBootstrapper - @TestExecutionListeners is not present for class [com.xuecheng.manage_course.dao.TestDao]: using defaults.
19:01:27.380 [main] INFO org.springframework.boot.test.context.SpringBootTestContextBootstrapper - Loaded default TestExecutionListener class names from location [META-INF/spring.factories]: [org.springframework.boot.test.mock.mockito.MockitoTestExecutionListener, org.springframework.boot.test.mock.mockito.ResetMocksTestExecutionListener, org.springframework.boot.test.autoconfigure.restdocs.RestDocsTestExecutionListener, org.springframework.boot.test.autoconfigure.web.client.MockRestServiceServerResetTestExecutionListener, org.springframework.boot.test.autoconfigure.web.servlet.MockMvcPrintOnlyOnFailureTestExecutionListener, org.springframework.boot.test.autoconfigure.web.servlet.WebDriverTestExecutionListener, org.springframework.test.context.web.ServletTestExecutionListener, org.springframework.test.context.support.DirtiesContextBeforeModesTestExecutionListener, org.springframework.test.context.support.DependencyInjectionTestExecutionListener, org.springframework.test.context.support.DirtiesContextTestExecutionListener, org.springframework.test.context.transaction.TransactionalTestExecutionListener, org.springframework.test.context.jdbc.SqlScriptsTestExecutionListener]
19:01:27.477 [main] INFO org.springframework.boot.test.context.SpringBootTestContextBootstrapper - Using TestExecutionListeners: [org.springframework.test.context.web.ServletTestExecutionListener@3012646b, org.springframework.test.context.support.DirtiesContextBeforeModesTestExecutionListener@4a883b15, org.springframework.boot.test.mock.mockito.MockitoTestExecutionListener@25641d39, org.springframework.boot.test.autoconfigure.SpringBootDependencyInjectionTestExecutionListener@7b36aa0c, org.springframework.test.context.support.DirtiesContextTestExecutionListener@5824a83d, org.springframework.test.context.transaction.TransactionalTestExecutionListener@537f60bf, org.springframework.test.context.jdbc.SqlScriptsTestExecutionListener@5677323c, org.springframework.boot.test.mock.mockito.ResetMocksTestExecutionListener@18df8434, org.springframework.boot.test.autoconfigure.restdocs.RestDocsTestExecutionListener@65c7a252, org.springframework.boot.test.autoconfigure.web.client.MockRestServiceServerResetTestExecutionListener@4d154ccd, org.springframework.boot.test.autoconfigure.web.servlet.MockMvcPrintOnlyOnFailureTestExecutionListener@229c6181, org.springframework.boot.test.autoconfigure.web.servlet.WebDriverTestExecutionListener@4686afc2]
19:01:27.481 [main] DEBUG org.springframework.test.annotation.ProfileValueUtils - Retrieved @ProfileValueSourceConfiguration [null] for test class [com.xuecheng.manage_course.dao.TestDao]
19:01:27.482 [main] DEBUG org.springframework.test.annotation.ProfileValueUtils - Retrieved ProfileValueSource type [class org.springframework.test.annotation.SystemProfileValueSource] for class [com.xuecheng.manage_course.dao.TestDao]
19:01:27.485 [main] DEBUG org.springframework.test.annotation.ProfileValueUtils - Retrieved @ProfileValueSourceConfiguration [null] for test class [com.xuecheng.manage_course.dao.TestDao]
19:01:27.486 [main] DEBUG org.springframework.test.annotation.ProfileValueUtils - Retrieved ProfileValueSource type [class org.springframework.test.annotation.SystemProfileValueSource] for class [com.xuecheng.manage_course.dao.TestDao]
19:01:27.487 [main] DEBUG org.springframework.test.annotation.ProfileValueUtils - Retrieved @ProfileValueSourceConfiguration [null] for test class [com.xuecheng.manage_course.dao.TestDao]
19:01:27.487 [main] DEBUG org.springframework.test.annotation.ProfileValueUtils - Retrieved ProfileValueSource type [class org.springframework.test.annotation.SystemProfileValueSource] for class [com.xuecheng.manage_course.dao.TestDao]
19:01:27.494 [main] DEBUG org.springframework.test.context.support.AbstractDirtiesContextTestExecutionListener - Before test class: context [DefaultTestContext@298a5e20 testClass = TestDao, testInstance = [null], testMethod = [null], testException = [null], mergedContextConfiguration = [WebMergedContextConfiguration@2a7f1f10 testClass = TestDao, locations = '{}', classes = '{class com.xuecheng.manage_course.ManageCourseApplication}', contextInitializerClasses = '[]', activeProfiles = '{}', propertySourceLocations = '{}', propertySourceProperties = '{org.springframework.boot.test.context.SpringBootTestContextBootstrapper=true}', contextCustomizers = set[org.springframework.boot.test.context.filter.ExcludeFilterContextCustomizer@55a561cf, org.springframework.boot.test.json.DuplicateJsonObjectContextCustomizerFactory$DuplicateJsonObjectContextCustomizer@78b1cc93, org.springframework.boot.test.mock.mockito.MockitoContextCustomizer@0, org.springframework.boot.test.web.client.TestRestTemplateContextCustomizer@fdefd3f, org.springframework.boot.test.autoconfigure.properties.PropertyMappingContextCustomizer@0, org.springframework.boot.test.autoconfigure.web.servlet.WebDriverContextCustomizerFactory$Customizer@6b4a4e18], resourceBasePath = 'src/main/webapp', contextLoader = 'org.springframework.boot.test.context.SpringBootContextLoader', parent = [null]], attributes = map['org.springframework.test.context.web.ServletTestExecutionListener.activateListener' -> true]], class annotated with @DirtiesContext [false] with mode [null].
19:01:27.495 [main] DEBUG org.springframework.test.annotation.ProfileValueUtils - Retrieved @ProfileValueSourceConfiguration [null] for test class [com.xuecheng.manage_course.dao.TestDao]
19:01:27.496 [main] DEBUG org.springframework.test.annotation.ProfileValueUtils - Retrieved ProfileValueSource type [class org.springframework.test.annotation.SystemProfileValueSource] for class [com.xuecheng.manage_course.dao.TestDao]
19:01:27.546 [main] DEBUG org.springframework.core.env.StandardEnvironment - Adding PropertySource 'systemProperties' with lowest search precedence
19:01:27.546 [main] DEBUG org.springframework.core.env.StandardEnvironment - Adding PropertySource 'systemEnvironment' with lowest search precedence
19:01:27.547 [main] DEBUG org.springframework.core.env.StandardEnvironment - Initialized StandardEnvironment with PropertySources [MapPropertySource@1345483087 {name='systemProperties', properties={java.runtime.name=Java(TM) SE Runtime Environment, sun.boot.library.path=F:\develop\Java\jdk1.8.0_131\jre\bin, java.vm.version=25.131-b11, java.vm.vendor=Oracle Corporation, java.vendor.url=http://java.oracle.com/, path.separator=;, java.vm.name=Java HotSpot(TM) 64-Bit Server VM, file.encoding.pkg=sun.io, user.country=CN, user.script=, sun.java.launcher=SUN_STANDARD, sun.os.patch.level=Service Pack 1, java.vm.specification.name=Java Virtual Machine Specification, user.dir=F:\teach\xcEdu\xcEduService01\xc-service-manage-course, java.runtime.version=1.8.0_131-b11, basedir=F:\teach\xcEdu\xcEduService01\xc-service-manage-course, java.awt.graphicsenv=sun.awt.Win32GraphicsEnvironment, java.endorsed.dirs=F:\develop\Java\jdk1.8.0_131\jre\lib\endorsed, os.arch=amd64, surefire.real.class.path=C:\Users\Administrator\AppData\Local\Temp\surefire6498370663219308547\surefirebooter6461815083094818335.jar, java.io.tmpdir=C:\Users\Administrator\AppData\Local\Temp\, line.separator=
, java.vm.specification.vendor=Oracle Corporation, user.variant=, os.name=Windows 7, sun.jnu.encoding=GBK, java.library.path=F:\develop\Java\jdk1.8.0_131\jre\bin;C:\windows\Sun\Java\bin;C:\windows\system32;C:\windows;F:\Oracle\product\11.2.0\dbhome_1\bin;C:\ProgramData\Oracle\Java\javapath;F:\develop\Java\jdk1.8.0_91;F:\develop\Java\jdk1.8.0_131\bin;F:\develop\Java\jdk1.8.0_131\jre\bin;F:\Mysql\bin;C:\windows\system32;F:\develop\Java\jdk1.8.0_131\bin;F:\develop\Java\jdk1.8.0_131\jre\bin;F:\SQL Server\110\DTS\Binn\;F:\SQL Server2\110\Tools\Binn\;F:\SQL Server\110\Tools\Binn\;F:\SQL Server2\110\Tools\Binn\ManagementStudio\;C:\Program Files (x86)\Microsoft Visual Studio 10.0\Common7\IDE\PrivateAssemblies\;F:\SQL Server2\110\DTS\Binn\;C:\Program Files (x86)\NVIDIA Corporation\PhysX\Common;C:\Program Files (x86)\MySQL\MySQL Utilities 1.6;F:\apache-maven-3.6.1\bin;G:\JAVA学习\SpringBoot学习\gradle-4.10.1\bin;F:\Redis\;F:\Git\cmd;C:\Program Files\erl10.0.1\bin;F:\RabbitMQ Server\rabbitmq_server-3.7.16\sbin;F:\nodejs\npm_modules;F:\nodejs\;F:\ffmpeg-20180227-fa0c9d6-win64-static\bin;C:\Users\Administrator\AppData\Roaming\npm;., surefire.test.class.path=F:\teach\xcEdu\xcEduService01\xc-service-manage-course\target\test-classes;F:\teach\xcEdu\xcEduService01\xc-service-manage-course\target\classes;F:\repository\org\springframework\cloud\spring-cloud-starter-security\2.0.0.RELEASE\spring-cloud-starter-security-2.0.0.RELEASE.jar;F:\repository\org\springframework\cloud\spring-cloud-starter\2.0.1.RELEASE\spring-cloud-starter-2.0.1.RELEASE.jar;F:\repository\org\springframework\cloud\spring-cloud-context\2.0.1.RELEASE\spring-cloud-context-2.0.1.RELEASE.jar;F:\repository\org\springframework\security\spring-security-rsa\1.0.5.RELEASE\spring-security-rsa-1.0.5.RELEASE.jar;F:\repository\org\springframework\boot\spring-boot-starter-actuator\2.0.1.RELEASE\spring-boot-starter-actuator-2.0.1.RELEASE.jar;F:\repository\org\springframework\boot\spring-boot-actuator-autoconfigure\2.0.1.RELEASE\spring-boot-actuator-autoconfigure-2.0.1.RELEASE.jar;F:\repository\org\springframework\boot\spring-boot-actuator\2.0.1.RELEASE\spring-boot-actuator-2.0.1.RELEASE.jar;F:\repository\io\micrometer\micrometer-core\1.0.3\micrometer-core-1.0.3.jar;F:\repository\org\hdrhistogram\HdrHistogram\2.1.10\HdrHistogram-2.1.10.jar;F:\repository\org\latencyutils\LatencyUtils\2.0.3\LatencyUtils-2.0.3.jar;F:\repository\org\springframework\cloud\spring-cloud-security\2.0.0.RELEASE\spring-cloud-security-2.0.0.RELEASE.jar;F:\repository\org\springframework\boot\spring-boot-starter-security\2.0.1.RELEASE\spring-boot-starter-security-2.0.1.RELEASE.jar;F:\repository\org\springframework\security\spring-security-config\5.0.4.RELEASE\spring-security-config-5.0.4.RELEASE.jar;F:\repository\org\springframework\security\spring-security-web\5.0.4.RELEASE\spring-security-web-5.0.4.RELEASE.jar;F:\repository\org\springframework\cloud\spring-cloud-starter-oauth2\2.0.0.RELEASE\spring-cloud-starter-oauth2-2.0.0.RELEASE.jar;F:\repository\org\springframework\security\oauth\boot\spring-security-oauth2-autoconfigure\2.0.0.RELEASE\spring-security-oauth2-autoconfigure-2.0.0.RELEASE.jar;F:\repository\com\fasterxml\jackson\core\jackson-annotations\2.9.0\jackson-annotations-2.9.0.jar;F:\repository\com\fasterxml\jackson\core\jackson-databind\2.9.5\jackson-databind-2.9.5.jar;F:\repository\org\springframework\boot\spring-boot\2.0.1.RELEASE\spring-boot-2.0.1.RELEASE.jar;F:\repository\org\springframework\security\oauth\spring-security-oauth2\2.2.1.RELEASE\spring-security-oauth2-2.2.1.RELEASE.jar;F:\repository\org\springframework\security\spring-security-core\5.0.4.RELEASE\spring-security-core-5.0.4.RELEASE.jar;F:\repository\org\codehaus\jackson\jackson-mapper-asl\1.9.13\jackson-mapper-asl-1.9.13.jar;F:\repository\org\codehaus\jackson\jackson-core-asl\1.9.13\jackson-core-asl-1.9.13.jar;F:\repository\org\springframework\cloud\spring-cloud-starter-netflix-eureka-client\2.0.1.RELEASE\spring-cloud-starter-netflix-eureka-client-2.0.1.RELEASE.jar;F:\repository\org\springframework\cloud\spring-cloud-netflix-core\2.0.1.RELEASE\spring-cloud-netflix-core-2.0.1.RELEASE.jar;F:\repository\org\springframework\cloud\spring-cloud-netflix-eureka-client\2.0.1.RELEASE\spring-cloud-netflix-eureka-client-2.0.1.RELEASE.jar;F:\repository\com\netflix\eureka\eureka-client\1.9.3\eureka-client-1.9.3.jar;F:\repository\org\codehaus\jettison\jettison\1.3.7\jettison-1.3.7.jar;F:\repository\stax\stax-api\1.0.1\stax-api-1.0.1.jar;F:\repository\com\netflix\netflix-commons\netflix-eventbus\0.3.0\netflix-eventbus-0.3.0.jar;F:\repository\com\netflix\netflix-commons\netflix-infix\0.3.0\netflix-infix-0.3.0.jar;F:\repository\commons-jxpath\commons-jxpath\1.3\commons-jxpath-1.3.jar;F:\repository\joda-time\joda-time\2.9.9\joda-time-2.9.9.jar;F:\repository\org\antlr\antlr-runtime\3.4\antlr-runtime-3.4.jar;F:\repository\org\antlr\stringtemplate\3.2.1\stringtemplate-3.2.1.jar;F:\repository\com\google\code\gson\gson\2.8.2\gson-2.8.2.jar;F:\repository\org\apache\commons\commons-math\2.2\commons-math-2.2.jar;F:\repository\com\netflix\archaius\archaius-core\0.7.6\archaius-core-0.7.6.jar;F:\repository\javax\ws\rs\jsr311-api\1.1.1\jsr311-api-1.1.1.jar;F:\repository\com\netflix\servo\servo-core\0.12.21\servo-core-0.12.21.jar;F:\repository\com\sun\jersey\jersey-core\1.19.1\jersey-core-1.19.1.jar;F:\repository\com\sun\jersey\jersey-client\1.19.1\jersey-client-1.19.1.jar;F:\repository\com\sun\jersey\contribs\jersey-apache-client4\1.19.1\jersey-apache-client4-1.19.1.jar;F:\repository\com\google\inject\guice\4.1.0\guice-4.1.0.jar;F:\repository\javax\inject\javax.inject\1\javax.inject-1.jar;F:\repository\aopalliance\aopalliance\1.0\aopalliance-1.0.jar;F:\repository\com\github\vlsi\compactmap\compactmap\1.2.1\compactmap-1.2.1.jar;F:\repository\com\github\andrewoma\dexx\dexx-collections\0.2\dexx-collections-0.2.jar;F:\repository\com\fasterxml\jackson\core\jackson-core\2.9.5\jackson-core-2.9.5.jar;F:\repository\com\netflix\eureka\eureka-core\1.9.3\eureka-core-1.9.3.jar;F:\repository\org\codehaus\woodstox\woodstox-core-asl\4.4.1\woodstox-core-asl-4.4.1.jar;F:\repository\javax\xml\stream\stax-api\1.0-2\stax-api-1.0-2.jar;F:\repository\org\codehaus\woodstox\stax2-api\3.1.4\stax2-api-3.1.4.jar;F:\repository\org\springframework\cloud\spring-cloud-starter-netflix-archaius\2.0.1.RELEASE\spring-cloud-starter-netflix-archaius-2.0.1.RELEASE.jar;F:\repository\org\springframework\cloud\spring-cloud-netflix-ribbon\2.0.1.RELEASE\spring-cloud-netflix-ribbon-2.0.1.RELEASE.jar;F:\repository\org\springframework\cloud\spring-cloud-netflix-archaius\2.0.1.RELEASE\spring-cloud-netflix-archaius-2.0.1.RELEASE.jar;F:\repository\commons-configuration\commons-configuration\1.8\commons-configuration-1.8.jar;F:\repository\commons-lang\commons-lang\2.6\commons-lang-2.6.jar;F:\repository\org\springframework\cloud\spring-cloud-starter-netflix-ribbon\2.0.1.RELEASE\spring-cloud-starter-netflix-ribbon-2.0.1.RELEASE.jar;F:\repository\com\netflix\ribbon\ribbon\2.2.5\ribbon-2.2.5.jar;F:\repository\com\netflix\ribbon\ribbon-transport\2.2.5\ribbon-transport-2.2.5.jar;F:\repository\io\reactivex\rxnetty-contexts\0.4.9\rxnetty-contexts-0.4.9.jar;F:\repository\io\reactivex\rxnetty-servo\0.4.9\rxnetty-servo-0.4.9.jar;F:\repository\io\reactivex\rxnetty\0.4.9\rxnetty-0.4.9.jar;F:\repository\io\netty\netty-codec-http\4.1.23.Final\netty-codec-http-4.1.23.Final.jar;F:\repository\io\netty\netty-codec\4.1.23.Final\netty-codec-4.1.23.Final.jar;F:\repository\io\netty\netty-transport-native-epoll\4.1.23.Final\netty-transport-native-epoll-4.1.23.Final.jar;F:\repository\io\netty\netty-common\4.1.23.Final\netty-common-4.1.23.Final.jar;F:\repository\io\netty\netty-buffer\4.1.23.Final\netty-buffer-4.1.23.Final.jar;F:\repository\io\netty\netty-transport-native-unix-common\4.1.23.Final\netty-transport-native-unix-common-4.1.23.Final.jar;F:\repository\io\netty\netty-transport\4.1.23.Final\netty-transport-4.1.23.Final.jar;F:\repository\io\netty\netty-resolver\4.1.23.Final\netty-resolver-4.1.23.Final.jar;F:\repository\com\netflix\ribbon\ribbon-core\2.2.5\ribbon-core-2.2.5.jar;F:\repository\com\netflix\ribbon\ribbon-httpclient\2.2.5\ribbon-httpclient-2.2.5.jar;F:\repository\commons-collections\commons-collections\3.2.2\commons-collections-3.2.2.jar;F:\repository\com\netflix\netflix-commons\netflix-commons-util\0.3.0\netflix-commons-util-0.3.0.jar;F:\repository\com\netflix\ribbon\ribbon-loadbalancer\2.2.5\ribbon-loadbalancer-2.2.5.jar;F:\repository\com\netflix\netflix-commons\netflix-statistics\0.1.1\netflix-statistics-0.1.1.jar;F:\repository\io\reactivex\rxjava\1.3.8\rxjava-1.3.8.jar;F:\repository\com\netflix\ribbon\ribbon-eureka\2.2.5\ribbon-eureka-2.2.5.jar;F:\repository\com\thoughtworks\xstream\xstream\1.4.10\xstream-1.4.10.jar;F:\repository\xmlpull\xmlpull\1.1.3.1\xmlpull-1.1.3.1.jar;F:\repository\xpp3\xpp3_min\1.1.4c\xpp3_min-1.1.4c.jar;F:\repository\org\springframework\cloud\spring-cloud-starter-openfeign\2.0.1.RELEASE\spring-cloud-starter-openfeign-2.0.1.RELEASE.jar;F:\repository\org\springframework\cloud\spring-cloud-openfeign-core\2.0.1.RELEASE\spring-cloud-openfeign-core-2.0.1.RELEASE.jar;F:\repository\org\springframework\spring-web\5.0.5.RELEASE\spring-web-5.0.5.RELEASE.jar;F:\repository\org\springframework\cloud\spring-cloud-commons\2.0.1.RELEASE\spring-cloud-commons-2.0.1.RELEASE.jar;F:\repository\io\github\openfeign\feign-core\9.5.1\feign-core-9.5.1.jar;F:\repository\io\github\openfeign\feign-slf4j\9.5.1\feign-slf4j-9.5.1.jar;F:\repository\io\github\openfeign\feign-hystrix\9.5.1\feign-hystrix-9.5.1.jar;F:\repository\com\netflix\hystrix\hystrix-core\1.5.12\hystrix-core-1.5.12.jar;F:\repository\io\github\openfeign\feign-java8\9.5.1\feign-java8-9.5.1.jar;F:\repository\com\xuecheng\xc-service-api\1.0-SNAPSHOT\xc-service-api-1.0-SNAPSHOT.jar;F:\repository\commons-fileupload\commons-fileupload\1.3.3\commons-fileupload-1.3.3.jar;F:\repository\io\springfox\springfox-swagger2\2.7.0\springfox-swagger2-2.7.0.jar;F:\repository\io\swagger\swagger-annotations\1.5.13\swagger-annotations-1.5.13.jar;F:\repository\io\swagger\swagger-models\1.5.13\swagger-models-1.5.13.jar;F:\repository\io\springfox\springfox-spi\2.7.0\springfox-spi-2.7.0.jar;F:\repository\io\springfox\springfox-core\2.7.0\springfox-core-2.7.0.jar;F:\repository\io\springfox\springfox-schema\2.7.0\springfox-schema-2.7.0.jar;F:\repository\io\springfox\springfox-swagger-common\2.7.0\springfox-swagger-common-2.7.0.jar;F:\repository\io\springfox\springfox-spring-web\2.7.0\springfox-spring-web-2.7.0.jar;F:\repository\org\reflections\reflections\0.9.11\reflections-0.9.11.jar;F:\repository\com\fasterxml\classmate\1.3.4\classmate-1.3.4.jar;F:\repository\org\springframework\plugin\spring-plugin-core\1.2.0.RELEASE\spring-plugin-core-1.2.0.RELEASE.jar;F:\repository\org\springframework\plugin\spring-plugin-metadata\1.2.0.RELEASE\spring-plugin-metadata-1.2.0.RELEASE.jar;F:\repository\org\mapstruct\mapstruct\1.1.0.Final\mapstruct-1.1.0.Final.jar;F:\repository\io\springfox\springfox-swagger-ui\2.7.0\springfox-swagger-ui-2.7.0.jar;F:\repository\com\xuecheng\xc-framework-model\1.0-SNAPSHOT\xc-framework-model-1.0-SNAPSHOT.jar;F:\repository\org\projectlombok\lombok\1.16.16\lombok-1.16.16.jar;F:\repository\org\springframework\data\spring-data-commons\2.0.6.RELEASE\spring-data-commons-2.0.6.RELEASE.jar;F:\repository\org\springframework\data\spring-data-mongodb\2.0.6.RELEASE\spring-data-mongodb-2.0.6.RELEASE.jar;F:\repository\org\springframework\spring-context\5.0.5.RELEASE\spring-context-5.0.5.RELEASE.jar;F:\repository\org\springframework\spring-expression\5.0.5.RELEASE\spring-expression-5.0.5.RELEASE.jar;F:\repository\org\mongodb\mongo-java-driver\3.6.3\mongo-java-driver-3.6.3.jar;F:\repository\org\hibernate\hibernate-core\5.2.16.Final\hibernate-core-5.2.16.Final.jar;F:\repository\org\jboss\logging\jboss-logging\3.3.2.Final\jboss-logging-3.3.2.Final.jar;F:\repository\org\hibernate\javax\persistence\hibernate-jpa-2.1-api\1.0.0.Final\hibernate-jpa-2.1-api-1.0.0.Final.jar;F:\repository\org\javassist\javassist\3.22.0-GA\javassist-3.22.0-GA.jar;F:\repository\antlr\antlr\2.7.7\antlr-2.7.7.jar;F:\repository\org\jboss\spec\javax\transaction\jboss-transaction-api_1.2_spec\1.0.1.Final\jboss-transaction-api_1.2_spec-1.0.1.Final.jar;F:\repository\org\jboss\jandex\2.0.3.Final\jandex-2.0.3.Final.jar;F:\repository\dom4j\dom4j\1.6.1\dom4j-1.6.1.jar;F:\repository\org\hibernate\common\hibernate-commons-annotations\5.0.1.Final\hibernate-commons-annotations-5.0.1.Final.jar;F:\repository\com\google\guava\guava\24.0-jre\guava-24.0-jre.jar;F:\repository\com\google\code\findbugs\jsr305\1.3.9\jsr305-1.3.9.jar;F:\repository\org\checkerframework\checker-compat-qual\2.0.0\checker-compat-qual-2.0.0.jar;F:\repository\com\google\errorprone\error_prone_annotations\2.1.3\error_prone_annotations-2.1.3.jar;F:\repository\com\google\j2objc\j2objc-annotations\1.1\j2objc-annotations-1.1.jar;F:\repository\org\codehaus\mojo\animal-sniffer-annotations\1.14\animal-sniffer-annotations-1.14.jar;F:\repository\com\xuecheng\xc-framework-utils\1.0-SNAPSHOT\xc-framework-utils-1.0-SNAPSHOT.jar;F:\repository\javax\servlet\javax.servlet-api\3.1.0\javax.servlet-api-3.1.0.jar;F:\repository\org\springframework\boot\spring-boot-starter-logging\2.0.1.RELEASE\spring-boot-starter-logging-2.0.1.RELEASE.jar;F:\repository\ch\qos\logback\logback-classic\1.2.3\logback-classic-1.2.3.jar;F:\repository\ch\qos\logback\logback-core\1.2.3\logback-core-1.2.3.jar;F:\repository\org\apache\logging\log4j\log4j-to-slf4j\2.10.0\log4j-to-slf4j-2.10.0.jar;F:\repository\org\apache\logging\log4j\log4j-api\2.10.0\log4j-api-2.10.0.jar;F:\repository\org\slf4j\jul-to-slf4j\1.7.25\jul-to-slf4j-1.7.25.jar;F:\repository\org\apache\httpcomponents\httpclient\4.5.5\httpclient-4.5.5.jar;F:\repository\org\apache\httpcomponents\httpcore\4.4.9\httpcore-4.4.9.jar;F:\repository\commons-codec\commons-codec\1.10\commons-codec-1.10.jar;F:\repository\net\lingala\zip4j\zip4j\1.3.1\zip4j-1.3.1.jar;F:\repository\org\springframework\security\spring-security-crypto\5.0.4.RELEASE\spring-security-crypto-5.0.4.RELEASE.jar;F:\repository\org\springframework\security\spring-security-jwt\1.0.8.RELEASE\spring-security-jwt-1.0.8.RELEASE.jar;F:\repository\org\bouncycastle\bcpkix-jdk15on\1.56\bcpkix-jdk15on-1.56.jar;F:\repository\org\bouncycastle\bcprov-jdk15on\1.56\bcprov-jdk15on-1.56.jar;F:\repository\com\xuecheng\xc-framework-common\1.0-SNAPSHOT\xc-framework-common-1.0-SNAPSHOT.jar;F:\repository\org\springframework\boot\spring-boot-starter-web\2.0.1.RELEASE\spring-boot-starter-web-2.0.1.RELEASE.jar;F:\repository\org\springframework\boot\spring-boot-starter\2.0.1.RELEASE\spring-boot-starter-2.0.1.RELEASE.jar;F:\repository\javax\annotation\javax.annotation-api\1.3.2\javax.annotation-api-1.3.2.jar;F:\repository\org\yaml\snakeyaml\1.19\snakeyaml-1.19.jar;F:\repository\org\springframework\boot\spring-boot-starter-json\2.0.1.RELEASE\spring-boot-starter-json-2.0.1.RELEASE.jar;F:\repository\com\fasterxml\jackson\datatype\jackson-datatype-jdk8\2.9.5\jackson-datatype-jdk8-2.9.5.jar;F:\repository\com\fasterxml\jackson\datatype\jackson-datatype-jsr310\2.9.5\jackson-datatype-jsr310-2.9.5.jar;F:\repository\com\fasterxml\jackson\module\jackson-module-parameter-names\2.9.5\jackson-module-parameter-names-2.9.5.jar;F:\repository\org\springframework\boot\spring-boot-starter-tomcat\2.0.1.RELEASE\spring-boot-starter-tomcat-2.0.1.RELEASE.jar;F:\repository\org\apache\tomcat\embed\tomcat-embed-core\8.5.28\tomcat-embed-core-8.5.28.jar;F:\repository\org\apache\tomcat\embed\tomcat-embed-el\8.5.28\tomcat-embed-el-8.5.28.jar;F:\repository\org\apache\tomcat\embed\tomcat-embed-websocket\8.5.28\tomcat-embed-websocket-8.5.28.jar;F:\repository\org\hibernate\validator\hibernate-validator\6.0.9.Final\hibernate-validator-6.0.9.Final.jar;F:\repository\javax\validation\validation-api\2.0.1.Final\validation-api-2.0.1.Final.jar;F:\repository\org\springframework\spring-webmvc\5.0.5.RELEASE\spring-webmvc-5.0.5.RELEASE.jar;F:\repository\org\springframework\spring-aop\5.0.5.RELEASE\spring-aop-5.0.5.RELEASE.jar;F:\repository\mysql\mysql-connector-java\5.1.40\mysql-connector-java-5.1.40.jar;F:\repository\com\alibaba\druid-spring-boot-starter\1.1.10\druid-spring-boot-starter-1.1.10.jar;F:\repository\com\alibaba\druid\1.1.6\druid-1.1.6.jar;F:\repository\org\slf4j\slf4j-api\1.7.25\slf4j-api-1.7.25.jar;F:\repository\org\springframework\boot\spring-boot-autoconfigure\2.0.1.RELEASE\spring-boot-autoconfigure-2.0.1.RELEASE.jar;F:\repository\org\mybatis\spring\boot\mybatis-spring-boot-starter\1.3.1\mybatis-spring-boot-starter-1.3.1.jar;F:\repository\org\springframework\boot\spring-boot-starter-jdbc\2.0.1.RELEASE\spring-boot-starter-jdbc-2.0.1.RELEASE.jar;F:\repository\com\zaxxer\HikariCP\2.7.8\HikariCP-2.7.8.jar;F:\repository\org\mybatis\spring\boot\mybatis-spring-boot-autoconfigure\1.3.1\mybatis-spring-boot-autoconfigure-1.3.1.jar;F:\repository\org\mybatis\mybatis\3.4.5\mybatis-3.4.5.jar;F:\repository\org\mybatis\mybatis-spring\1.3.1\mybatis-spring-1.3.1.jar;F:\repository\org\springframework\spring-orm\5.0.5.RELEASE\spring-orm-5.0.5.RELEASE.jar;F:\repository\org\
[...]
</error>
    <system-out><![CDATA[2019-08-17 19:01:36.201 [main] DEBUG o.s.b.c.l.ClasspathLoggingApplicationListener - Application started with classpath: [file:/C:/Users/Administrator/AppData/Local/Temp/surefire6498370663219308547/surefirebooter6461815083094818335.jar]
2019-08-17 19:01:36.211 [main] DEBUG o.s.boot.SpringApplication - Loading source class org.springframework.cloud.bootstrap.config.PropertySourceBootstrapConfiguration,class org.springframework.cloud.bootstrap.encrypt.EncryptionBootstrapConfiguration,class org.springframework.cloud.autoconfigure.ConfigurationPropertiesRebinderAutoConfiguration,class org.springframework.boot.autoconfigure.context.PropertyPlaceholderAutoConfiguration
2019-08-17 19:01:36.223 [main] INFO  o.s.c.a.AnnotationConfigApplicationContext - Refreshing org.springframework.context.annotation.AnnotationConfigApplicationContext@a0a9fa5: startup date [Sat Aug 17 19:01:36 CST 2019]; root of context hierarchy
2019-08-17 19:01:36.303 [main] INFO  o.s.b.f.a.AutowiredAnnotationBeanPostProcessor - JSR-330 'javax.inject.Inject' annotation found and supported for autowiring
2019-08-17 19:01:36.403 [main] INFO  o.s.c.s.PostProcessorRegistrationDelegate$BeanPostProcessorChecker - Bean 'configurationPropertiesRebinderAutoConfiguration' of type [org.springframework.cloud.autoconfigure.ConfigurationPropertiesRebinderAutoConfiguration$$EnhancerBySpringCGLIB$$55937554] is not eligible for getting processed by all BeanPostProcessors (for example: not eligible for auto-proxying)
2019-08-17 19:01:36.549 [main] DEBUG o.s.b.a.l.ConditionEvaluationReportLoggingListener - 


============================
CONDITIONS EVALUATION REPORT
============================


Positive matches:
-----------------

   ConfigurationPropertiesRebinderAutoConfiguration matched:
      - @ConditionalOnBean (types: org.springframework.boot.context.properties.ConfigurationPropertiesBindingPostProcessor; SearchStrategy: all) found bean 'org.springframework.boot.context.properties.ConfigurationPropertiesBindingPostProcessor' (OnBeanCondition)

   ConfigurationPropertiesRebinderAutoConfiguration#configurationPropertiesBeans matched:
      - @ConditionalOnMissingBean (types: org.springframework.cloud.context.properties.ConfigurationPropertiesBeans; SearchStrategy: current) did not find any beans (OnBeanCondition)

   ConfigurationPropertiesRebinderAutoConfiguration#configurationPropertiesRebinder matched:
      - @ConditionalOnMissingBean (types: org.springframework.cloud.context.properties.ConfigurationPropertiesRebinder; SearchStrategy: current) did not find any beans (OnBeanCondition)

   EncryptionBootstrapConfiguration matched:
      - @ConditionalOnClass found required class 'org.springframework.security.crypto.encrypt.TextEncryptor'; @ConditionalOnMissingClass did not find unwanted class (OnClassCondition)

   PropertyPlaceholderAutoConfiguration#propertySourcesPlaceholderConfigurer matched:
      - @ConditionalOnMissingBean (types: org.springframework.context.support.PropertySourcesPlaceholderConfigurer; SearchStrategy: current) did not find any beans (OnBeanCondition)


Negative matches:
-----------------

   EncryptionBootstrapConfiguration.RsaEncryptionConfiguration:
      Did not match:
         - Keystore nor key found in Environment (EncryptionBootstrapConfiguration.KeyCondition)
      Matched:
         - @ConditionalOnClass found required class 'org.springframework.security.rsa.crypto.RsaSecretEncryptor'; @ConditionalOnMissingClass did not find unwanted class (OnClassCondition)

   EncryptionBootstrapConfiguration.VanillaEncryptionConfiguration:
      Did not match:
         - @ConditionalOnMissingClass found unwanted class 'org.springframework.security.rsa.crypto.RsaSecretEncryptor' (OnClassCondition)


Exclusions:
-----------

    None


Unconditional classes:
----------------------

    None



2019-08-17 19:01:37.580 [main] DEBUG o.s.b.c.l.ClasspathLoggingApplicationListener - Application started with classpath: [file:/C:/Users/Administrator/AppData/Local/Temp/surefire6498370663219308547/surefirebooter6461815083094818335.jar]

  .   ____          _            __ _ _
 /\\ / ___'_ __ _ _(_)_ __  __ _ \ \ \ \
( ( )\___ | '_ | '_| | '_ \/ _` | \ \ \ \
 \\/  ___)| |_)| | | | | || (_| |  ) ) ) )
  '  |____| .__|_| |_|_| |_\__, | / / / /
 =========|_|==============|___/=/_/_/_/
 :: Spring Boot ::        (v2.0.1.RELEASE)

2019-08-17 19:01:37.588 [main] INFO  c.xuecheng.manage_course.dao.TestDao - No active profile set, falling back to default profiles: default
2019-08-17 19:01:37.589 [main] DEBUG o.s.boot.SpringApplication - Loading source class com.xuecheng.manage_course.ManageCourseApplication
2019-08-17 19:01:37.595 [main] DEBUG o.s.b.c.c.ConfigFileApplicationListener - Loaded config file 'file:/F:/teach/xcEdu/xcEduService01/xc-service-manage-course/target/classes/application.yml' (classpath:/application.yml)
2019-08-17 19:01:37.595 [main] INFO  o.s.w.c.s.GenericWebApplicationContext - Refreshing org.springframework.web.context.support.GenericWebApplicationContext@6edc4161: startup date [Sat Aug 17 19:01:37 CST 2019]; parent: org.springframework.context.annotation.AnnotationConfigApplicationContext@a0a9fa5
2019-08-17 19:01:37.713 [main] WARN  o.s.w.c.s.GenericWebApplicationContext - Exception encountered during context initialization - cancelling refresh attempt: org.springframework.beans.factory.BeanDefinitionStoreException: Failed to parse configuration class [com.xuecheng.manage_course.ManageCourseApplication]; nested exception is java.io.FileNotFoundException: class path resource [com/xuecheng/framework/web/BaseController.class] cannot be opened because it does not exist
2019-08-17 19:01:37.716 [main] DEBUG o.s.b.c.l.ClasspathLoggingApplicationListener - Application failed to start with classpath: [file:/C:/Users/Administrator/AppData/Local/Temp/surefire6498370663219308547/surefirebooter6461815083094818335.jar]
2019-08-17 19:01:37.718 [main] ERROR o.s.boot.SpringApplication - Application run failed
org.springframework.beans.factory.BeanDefinitionStoreException: Failed to parse configuration class [com.xuecheng.manage_course.ManageCourseApplication]; nested exception is java.io.FileNotFoundException: class path resource [com/xuecheng/framework/web/BaseController.class] cannot be opened because it does not exist
	at org.springframework.context.annotation.ConfigurationClassParser.parse(ConfigurationClassParser.java:184)
	at org.springframework.context.annotation.ConfigurationClassPostProcessor.processConfigBeanDefinitions(ConfigurationClassPostProcessor.java:316)
	at org.springframework.context.annotation.ConfigurationClassPostProcessor.postProcessBeanDefinitionRegistry(ConfigurationClassPostProcessor.java:233)
	at org.springframework.context.support.PostProcessorRegistrationDelegate.invokeBeanDefinitionRegistryPostProcessors(PostProcessorRegistrationDelegate.java:273)
	at org.springframework.context.support.PostProcessorRegistrationDelegate.invokeBeanFactoryPostProcessors(PostProcessorRegistrationDelegate.java:93)
	at org.springframework.context.support.AbstractApplicationContext.invokeBeanFactoryPostProcessors(AbstractApplicationContext.java:694)
	at org.springframework.context.support.AbstractApplicationContext.refresh(AbstractApplicationContext.java:532)
	at org.springframework.boot.SpringApplication.refresh(SpringApplication.java:759)
	at org.springframework.boot.SpringApplication.refreshContext(SpringApplication.java:395)
	at org.springframework.boot.SpringApplication.run(SpringApplication.java:327)
	at org.springframework.boot.test.context.SpringBootContextLoader.loadContext(SpringBootContextLoader.java:138)
	at org.springframework.test.context.cache.DefaultCacheAwareContextLoaderDelegate.loadContextInternal(DefaultCacheAwareContextLoaderDelegate.java:99)
	at org.springframework.test.context.cache.DefaultCacheAwareContextLoaderDelegate.loadContext(DefaultCacheAwareContextLoaderDelegate.java:117)
	at org.springframework.test.context.support.DefaultTestContext.getApplicationContext(DefaultTestContext.java:108)
	at org.springframework.test.context.web.ServletTestExecutionListener.setUpRequestContextIfNecessary(ServletTestExecutionListener.java:190)
	at org.springframework.test.context.web.ServletTestExecutionListener.prepareTestInstance(ServletTestExecutionListener.java:132)
	at org.springframework.test.context.TestContextManager.prepareTestInstance(TestContextManager.java:246)
	at org.springframework.test.context.junit4.SpringJUnit4ClassRunner.createTest(SpringJUnit4ClassRunner.java:227)
	at org.springframework.test.context.junit4.SpringJUnit4ClassRunner$1.runReflectiveCall(SpringJUnit4ClassRunner.java:289)
	at org.junit.internal.runners.model.ReflectiveCallable.run(ReflectiveCallable.java:12)
	at org.springframework.test.context.junit4.SpringJUnit4ClassRunner.methodBlock(SpringJUnit4ClassRunner.java:291)
	at org.springframework.test.context.junit4.SpringJUnit4ClassRunner.runChild(SpringJUnit4ClassRunner.java:246)
	at org.springframework.test.context.junit4.SpringJUnit4ClassRunner.runChild(SpringJUnit4ClassRunner.java:97)
	at org.junit.runners.ParentRunner$3.run(ParentRunner.java:290)
	at org.junit.runners.ParentRunner$1.schedule(ParentRunner.java:71)
	at org.junit.runners.ParentRunner.runChildren(ParentRunner.java:288)
	at org.junit.runners.ParentRunner.access$000(ParentRunner.java:58)
	at org.junit.runners.ParentRunner$2.evaluate(ParentRunner.java:268)
	at org.springframework.test.context.junit4.statements.RunBeforeTestClassCallbacks.evaluate(RunBeforeTestClassCallbacks.java:61)
	at org.springframework.test.context.junit4.statements.RunAfterTestClassCallbacks.evaluate(RunAfterTestClassCallbacks.java:70)
	at org.junit.runners.ParentRunner.run(ParentRunner.java:363)
	at org.springframework.test.context.junit4.SpringJUnit4ClassRunner.run(SpringJUnit4ClassRunner.java:190)
	at org.apache.maven.surefire.junit4.JUnit4Provider.execute(JUnit4Provider.java:365)
	at org.apache.maven.surefire.junit4.JUnit4Provider.executeWithRerun(JUnit4Provider.java:273)
	at org.apache.maven.surefire.junit4.JUnit4Provider.executeTestSet(JUnit4Provider.java:238)
	at org.apache.maven.surefire.junit4.JUnit4Provider.invoke(JUnit4Provider.java:159)
	at org.apache.maven.surefire.booter.ForkedBooter.invokeProviderInSameClassLoader(ForkedBooter.java:379)
	at org.apache.maven.surefire.booter.ForkedBooter.runSuitesInProcess(ForkedBooter.java:340)
	at org.apache.maven.surefire.booter.ForkedBooter.execute(ForkedBooter.java:125)
	at org.apache.maven.surefire.booter.ForkedBooter.main(ForkedBooter.java:413)
Caused by: java.io.FileNotFoundException: class path resource [com/xuecheng/framework/web/BaseController.class] cannot be opened because it does not exist
	at org.springframework.core.io.ClassPathResource.getInputStream(ClassPathResource.java:180)
	at org.springframework.core.type.classreading.SimpleMetadataReader.<init>(SimpleMetadataReader.java:51)
	at org.springframework.core.type.classreading.SimpleMetadataReaderFactory.getMetadataReader(SimpleMetadataReaderFactory.java:103)
	at org.springframework.boot.type.classreading.ConcurrentReferenceCachingMetadataReaderFactory.createMetadataReader(ConcurrentReferenceCachingMetadataReaderFactory.java:88)
	at org.springframework.boot.type.classreading.ConcurrentReferenceCachingMetadataReaderFactory.getMetadataReader(ConcurrentReferenceCachingMetadataReaderFactory.java:75)
	at org.springframework.core.type.classreading.SimpleMetadataReaderFactory.getMetadataReader(SimpleMetadataReaderFactory.java:81)
	at org.springframework.context.annotation.ConfigurationClassParser.asSourceClass(ConfigurationClassParser.java:731)
	at org.springframework.context.annotation.ConfigurationClassParser$SourceClass.getSuperClass(ConfigurationClassParser.java:947)
	at org.springframework.context.annotation.ConfigurationClassParser.doProcessConfigurationClass(ConfigurationClassParser.java:330)
	at org.springframework.context.annotation.ConfigurationClassParser.processConfigurationClass(ConfigurationClassParser.java:245)
	at org.springframework.context.annotation.ConfigurationClassParser.parse(ConfigurationClassParser.java:194)
	at org.springframework.context.annotation.ConfigurationClassParser.doProcessConfigurationClass(ConfigurationClassParser.java:293)
	at org.springframework.context.annotation.ConfigurationClassParser.processConfigurationClass(ConfigurationClassParser.java:245)
	at org.springframework.context.annotation.ConfigurationClassParser.parse(ConfigurationClassParser.java:202)
	at org.springframework.context.annotation.ConfigurationClassParser.parse(ConfigurationClassParser.java:170)
	... 39 common frames omitted
2019-08-17 19:01:37.719 [main] ERROR o.s.test.context.TestContextManager - Caught exception while allowing TestExecutionListener [org.springframework.test.context.web.ServletTestExecutionListener@3012646b] to prepare test instance [com.xuecheng.manage_course.dao.TestDao@6f952d6c]
java.lang.IllegalStateException: Failed to load ApplicationContext
	at org.springframework.test.context.cache.DefaultCacheAwareContextLoaderDelegate.loadContext(DefaultCacheAwareContextLoaderDelegate.java:125)
	at org.springframework.test.context.support.DefaultTestContext.getApplicationContext(DefaultTestContext.java:108)
	at org.springframework.test.context.web.ServletTestExecutionListener.setUpRequestContextIfNecessary(ServletTestExecutionListener.java:190)
	at org.springframework.test.context.web.ServletTestExecutionListener.prepareTestInstance(ServletTestExecutionListener.java:132)
	at org.springframework.test.context.TestContextManager.prepareTestInstance(TestContextManager.java:246)
	at org.springframework.test.context.junit4.SpringJUnit4ClassRunner.createTest(SpringJUnit4ClassRunner.java:227)
	at org.springframework.test.context.junit4.SpringJUnit4ClassRunner$1.runReflectiveCall(SpringJUnit4ClassRunner.java:289)
	at org.junit.internal.runners.model.ReflectiveCallable.run(ReflectiveCallable.java:12)
	at org.springframework.test.context.junit4.SpringJUnit4ClassRunner.methodBlock(SpringJUnit4ClassRunner.java:291)
	at org.springframework.test.context.junit4.SpringJUnit4ClassRunner.runChild(SpringJUnit4ClassRunner.java:246)
	at org.springframework.test.context.junit4.SpringJUnit4ClassRunner.runChild(SpringJUnit4ClassRunner.java:97)
	at org.junit.runners.ParentRunner$3.run(ParentRunner.java:290)
	at org.junit.runners.ParentRunner$1.schedule(ParentRunner.java:71)
	at org.junit.runners.ParentRunner.runChildren(ParentRunner.java:288)
	at org.junit.runners.ParentRunner.access$000(ParentRunner.java:58)
	at org.junit.runners.ParentRunner$2.evaluate(ParentRunner.java:268)
	at org.springframework.test.context.junit4.statements.RunBeforeTestClassCallbacks.evaluate(RunBeforeTestClassCallbacks.java:61)
	at org.springframework.test.context.junit4.statements.RunAfterTestClassCallbacks.evaluate(RunAfterTestClassCallbacks.java:70)
	at org.junit.runners.ParentRunner.run(ParentRunner.java:363)
	at org.springframework.test.context.junit4.SpringJUnit4ClassRunner.run(SpringJUnit4ClassRunner.java:190)
	at org.apache.maven.surefire.junit4.JUnit4Provider.execute(JUnit4Provider.java:365)
	at org.apache.maven.surefire.junit4.JUnit4Provider.executeWithRerun(JUnit4Provider.java:273)
	at org.apache.maven.surefire.junit4.JUnit4Provider.executeTestSet(JUnit4Provider.java:238)
	at org.apache.maven.surefire.junit4.JUnit4Provider.invoke(JUnit4Provider.java:159)
	at org.apache.maven.surefire.booter.ForkedBooter.invokeProviderInSameClassLoader(ForkedBooter.java:379)
	at org.apache.maven.surefire.booter.ForkedBooter.runSuitesInProcess(ForkedBooter.java:340)
	at org.apache.maven.surefire.booter.ForkedBooter.execute(ForkedBooter.java:125)
	at org.apache.maven.surefire.booter.ForkedBooter.main(ForkedBooter.java:413)
Caused by: org.springframework.beans.factory.BeanDefinitionStoreException: Failed to parse configuration class [com.xuecheng.manage_course.ManageCourseApplication]; nested exception is java.io.FileNotFoundException: class path resource [com/xuecheng/framework/web/BaseController.class] cannot be opened because it does not exist
	at org.springframework.context.annotation.ConfigurationClassParser.parse(ConfigurationClassParser.java:184)
	at org.springframework.context.annotation.ConfigurationClassPostProcessor.processConfigBeanDefinitions(ConfigurationClassPostProcessor.java:316)
	at org.springframework.context.annotation.ConfigurationClassPostProcessor.postProcessBeanDefinitionRegistry(ConfigurationClassPostProcessor.java:233)
	at org.springframework.context.support.PostProcessorRegistrationDelegate.invokeBeanDefinitionRegistryPostProcessors(PostProcessorRegistrationDelegate.java:273)
	at org.springframework.context.support.PostProcessorRegistrationDelegate.invokeBeanFactoryPostProcessors(PostProcessorRegistrationDelegate.java:93)
	at org.springframework.context.support.AbstractApplicationContext.invokeBeanFactoryPostProcessors(AbstractApplicationContext.java:694)
	at org.springframework.context.support.AbstractApplicationContext.refresh(AbstractApplicationContext.java:532)
	at org.springframework.boot.SpringApplication.refresh(SpringApplication.java:759)
	at org.springframework.boot.SpringApplication.refreshContext(SpringApplication.java:395)
	at org.springframework.boot.SpringApplication.run(SpringApplication.java:327)
	at org.springframework.boot.test.context.SpringBootContextLoader.loadContext(SpringBootContextLoader.java:138)
	at org.springframework.test.context.cache.DefaultCacheAwareContextLoaderDelegate.loadContextInternal(DefaultCacheAwareContextLoaderDelegate.java:99)
	at org.springframework.test.context.cache.DefaultCacheAwareContextLoaderDelegate.loadContext(DefaultCacheAwareContextLoaderDelegate.java:117)
	... 27 common frames omitted
Caused by: java.io.FileNotFoundException: class path resource [com/xuecheng/framework/web/BaseController.class] cannot be opened because it does not exist
	at org.springframework.core.io.ClassPathResource.getInputStream(ClassPathResource.java:180)
	at org.springframework.core.type.classreading.SimpleMetadataReader.<init>(SimpleMetadataReader.java:51)
	at org.springframework.core.type.classreading.SimpleMetadataReaderFactory.getMetadataReader(SimpleMetadataReaderFactory.java:103)
	at org.springframework.boot.type.classreading.ConcurrentReferenceCachingMetadataReaderFactory.createMetadataReader(ConcurrentReferenceCachingMetadataReaderFactory.java:88)
	at org.springframework.boot.type.classreading.ConcurrentReferenceCachingMetadataReaderFactory.getMetadataReader(ConcurrentReferenceCachingMetadataReaderFactory.java:75)
	at org.springframework.core.type.classreading.SimpleMetadataReaderFactory.getMetadataReader(SimpleMetadataReaderFactory.java:81)
	at org.springframework.context.annotation.ConfigurationClassParser.asSourceClass(ConfigurationClassParser.java:731)
	at org.springframework.context.annotation.ConfigurationClassParser$SourceClass.getSuperClass(ConfigurationClassParser.java:947)
	at org.springframework.context.annotation.ConfigurationClassParser.doProcessConfigurationClass(ConfigurationClassParser.java:330)
	at org.springframework.context.annotation.ConfigurationClassParser.processConfigurationClass(ConfigurationClassParser.java:245)
	at org.springframework.context.annotation.ConfigurationClassParser.parse(ConfigurationClassParser.java:194)
	at org.springframework.context.annotation.ConfigurationClassParser.doProcessConfigurationClass(ConfigurationClassParser.java:293)
	at org.springframework.context.annotation.ConfigurationClassParser.processConfigurationClass(ConfigurationClassParser.java:245)
	at org.springframework.context.annotation.ConfigurationClassParser.parse(ConfigurationClassParser.java:202)
	at org.springframework.context.annotation.ConfigurationClassParser.parse(ConfigurationClassParser.java:170)
	... 39 common frames omitted
]]></system-out>
  </testcase>
</testsuite>