-------------------------------------------------------------------------------
Test set: com.xuecheng.manage_cms.RestTemplateTest
-------------------------------------------------------------------------------
Tests run: 1, Failures: 0, Errors: 1, Skipped: 0, Time elapsed: 1.329 s <<< FAILURE! - in com.xuecheng.manage_cms.RestTemplateTest
testRestTemplate(com.xuecheng.manage_cms.RestTemplateTest)  Time elapsed: 0 s  <<< ERROR!
java.lang.IllegalStateException: Failed to load ApplicationContext
Caused by: org.springframework.beans.factory.BeanDefinitionStoreException: Failed to parse configuration class [com.xuecheng.manage_cms.ManageCmsApplication]; nested exception is java.io.FileNotFoundException: class path resource [com/xuecheng/framework/web/BaseController.class] cannot be opened because it does not exist
Caused by: java.io.FileNotFoundException: class path resource [com/xuecheng/framework/web/BaseController.class] cannot be opened because it does not exist

